#
# There is insufficient memory for the Java Runtime Environment to continue.
# Native memory allocation (mmap) failed to map 311427072 bytes for G1 virtual space
# Possible reasons:
#   The system is out of physical RAM or swap space
#   The process is running with CompressedOops enabled, and the Java Heap may be blocking the growth of the native heap
# Possible solutions:
#   Reduce memory load on the system
#   Increase physical memory or swap space
#   Check if swap backing store is full
#   Decrease Java heap size (-Xmx/-Xms)
#   Decrease number of Java threads
#   Decrease Java thread stack sizes (-Xss)
#   Set larger code cache with -XX:ReservedCodeCacheSize=
#   JVM is running with Unscaled Compressed Oops mode in which the Java heap is
#     placed in the first 4GB address space. The Java Heap base address is the
#     maximum limit for the native heap growth. Please use -XX:HeapBaseMinAddress
#     to set the Java Heap base and to place the Java Heap above 4GB virtual address.
# This output file may be truncated or incomplete.
#
#  Out of Memory Error (os_windows.cpp:3769), pid=3204, tid=11644
#
# JRE version: OpenJDK Runtime Environment (17.0.6) (build 17.0.6+0-b2043.56-9586694)
# Java VM: OpenJDK 64-Bit Server VM (17.0.6+0-b2043.56-9586694, mixed mode, tiered, compressed oops, compressed class ptrs, g1 gc, windows-amd64)
# No core dump will be written. Minidumps are not enabled by default on client versions of Windows
#

---------------  S U M M A R Y ------------

Command Line: --add-opens=java.base/java.util=ALL-UNNAMED --add-opens=java.base/java.lang=ALL-UNNAMED --add-opens=java.base/java.lang.invoke=ALL-UNNAMED --add-opens=java.prefs/java.util.prefs=ALL-UNNAMED --add-opens=java.base/java.nio.charset=ALL-UNNAMED --add-opens=java.base/java.net=ALL-UNNAMED --add-opens=java.base/java.util.concurrent.atomic=ALL-UNNAMED -Xmx2048m -Dfile.encoding=UTF-8 -Duser.country=DE -Duser.language=de -Duser.variant org.gradle.launcher.daemon.bootstrap.GradleDaemon 8.0

Host: Intel(R) Core(TM) i5-8350U CPU @ 1.70GHz, 8 cores, 7G,  Windows 10 , 64 bit Build 19041 (10.0.19041.2788)
Time: Fri Jun 16 13:16:58 2023 Mitteleuropäische Sommerzeit elapsed time: 14.795312 seconds (0d 0h 0m 14s)

---------------  T H R E A D  ---------------

Current thread (0x0000025dd18fa3d0):  VMThread "VM Thread" [stack: 0x000000f6c5e00000,0x000000f6c5f00000] [id=11644]

Stack: [0x000000f6c5e00000,0x000000f6c5f00000]
Native frames: (J=compiled Java code, j=interpreted, Vv=VM code, C=native code)
V  [jvm.dll+0x683b4a]
V  [jvm.dll+0x842654]
V  [jvm.dll+0x843dfe]
V  [jvm.dll+0x844463]
V  [jvm.dll+0x249b75]
V  [jvm.dll+0x680a19]
V  [jvm.dll+0x674f0a]
V  [jvm.dll+0x309acb]
V  [jvm.dll+0x310f86]
V  [jvm.dll+0x3608ee]
V  [jvm.dll+0x360b1f]
V  [jvm.dll+0x2dfbf8]
V  [jvm.dll+0x2ddec4]
V  [jvm.dll+0x2dd4cc]
V  [jvm.dll+0x321f3b]
V  [jvm.dll+0x84893b]
V  [jvm.dll+0x849674]
V  [jvm.dll+0x849b8d]
V  [jvm.dll+0x849f64]
V  [jvm.dll+0x84a030]
V  [jvm.dll+0x7f25fa]
V  [jvm.dll+0x682985]
C  [ucrtbase.dll+0x21bb2]
C  [KERNEL32.DLL+0x17604]
C  [ntdll.dll+0x526a1]

VM_Operation (0x000000f6cf8fe570): G1CollectForAllocation, mode: safepoint, requested by thread 0x0000025dd7452ca0


---------------  P R O C E S S  ---------------

Threads class SMR info:
_java_thread_list=0x0000025dd80f9700, length=151, elements={
0x0000025db7a9bb90, 0x0000025dd2413260, 0x0000025dd18fcb50, 0x0000025dd19152c0,
0x0000025dd2425010, 0x0000025dd2425ae0, 0x0000025dd24269b0, 0x0000025dd24275a0,
0x0000025dd24294c0, 0x0000025dd2429dc0, 0x0000025dd2594d40, 0x0000025dd2595620,
0x0000025dd53293f0, 0x0000025dd26e69c0, 0x0000025dd2872b60, 0x0000025dd4caa5b0,
0x0000025dd2b65ad0, 0x0000025dd2b65fa0, 0x0000025dd59f8550, 0x0000025dd59f8080,
0x0000025dd59f63a0, 0x0000025dd59f7210, 0x0000025dd59f76e0, 0x0000025dd59f8a20,
0x0000025dd59f5060, 0x0000025dd59f5530, 0x0000025dd3eb8c50, 0x0000025dd59f5a00,
0x0000025dd59f6870, 0x0000025dd59f5ed0, 0x0000025dd5c61080, 0x0000025dd5c640a0,
0x0000025dd5c64a40, 0x0000025dd5c658b0, 0x0000025dd5c62890, 0x0000025dd5c64f10,
0x0000025dd5c61a20, 0x0000025dd5c63bd0, 0x0000025dd5c653e0, 0x0000025dd5c61ef0,
0x0000025dd5c5e530, 0x0000025dd5c623c0, 0x0000025dd5c5eed0, 0x0000025dd5c63230,
0x0000025dd5c5f3a0, 0x0000025dd5c5fd40, 0x0000025dd5c60210, 0x0000025dd5c606e0,
0x0000025dd5c60bb0, 0x0000025dd4a83e90, 0x0000025dd4a86510, 0x0000025dd4a804d0,
0x0000025dd4a81810, 0x0000025dd4a84d00, 0x0000025dd4a84360, 0x0000025dd4a856a0,
0x0000025dd4a809a0, 0x0000025dd4a84830, 0x0000025dd4a869e0, 0x0000025dd4a81340,
0x0000025dd4a85b70, 0x0000025dd4a81ce0, 0x0000025dd4a86040, 0x0000025dd4a80000,
0x0000025dd4a83020, 0x0000025dd4a7f660, 0x0000025dd4a851d0, 0x0000025dd4a834f0,
0x0000025dd4a7f190, 0x0000025dd4a7fb30, 0x0000025dd4a80e70, 0x0000025dd4a821b0,
0x0000025dd4a82680, 0x0000025dd4a82b50, 0x0000025dd4a839c0, 0x0000025dd5553fe0,
0x0000025dd55527d0, 0x0000025dd5554980, 0x0000025dd5554e50, 0x0000025dd55544b0,
0x0000025dd5557e70, 0x0000025dd5558810, 0x0000025dd5552ca0, 0x0000025dd5558ce0,
0x0000025dd5555320, 0x0000025dd5558340, 0x0000025dd5559680, 0x0000025dd5556b30,
0x0000025dd5559b50, 0x0000025dd55557f0, 0x0000025dd55591b0, 0x0000025dd5557000,
0x0000025dd5555cc0, 0x0000025dd5556190, 0x0000025dd5552300, 0x0000025dd5556660,
0x0000025dd55574d0, 0x0000025dd55579a0, 0x0000025dd5553170, 0x0000025dd5553640,
0x0000025dd5553b10, 0x0000025dd26df980, 0x0000025dd26df4b0, 0x0000025dd26defe0,
0x0000025dd26e0320, 0x0000025dd26de640, 0x0000025dd26dfe50, 0x0000025dd26e07f0,
0x0000025dd26deb10, 0x0000025dd26e1660, 0x0000025dd26e0cc0, 0x0000025dd26e1190,
0x0000025dd26e1b30, 0x0000025dd26de170, 0x0000025dd2be1a90, 0x0000025dd2be2430,
0x0000025dd2be4f80, 0x0000025dd2be0750, 0x0000025dd2be10f0, 0x0000025dd2be5450,
0x0000025dd2be1f60, 0x0000025dd2be6790, 0x0000025dd2be0c20, 0x0000025dd2be5920,
0x0000025dd2be15c0, 0x0000025dd2be5df0, 0x0000025dd2be3c40, 0x0000025dd2be4ab0,
0x0000025dd2be45e0, 0x0000025dd4ad4370, 0x0000025dd4ad1350, 0x0000025dd4ad21c0,
0x0000025dd4ad4840, 0x0000025dd4ad6520, 0x0000025dd4ad1cf0, 0x0000025dd4ad1820,
0x0000025dd4ad39d0, 0x0000025dda5fb6f0, 0x0000025dd9d66170, 0x0000025dd9d66640,
0x0000025dda5fbbc0, 0x0000025dda5fa880, 0x0000025dda5fad50, 0x0000025dd3558420,
0x0000025dd7452ca0, 0x0000025dda5fb220, 0x0000025dd4ad09b0, 0x0000025dd3557a80,
0x0000025dd7991240, 0x0000025dd9d65300, 0x0000025dd3557f50
}

Java Threads: ( => current thread )
  0x0000025db7a9bb90 JavaThread "main" [_thread_blocked, id=7432, stack(0x000000f6c5800000,0x000000f6c5900000)]
  0x0000025dd2413260 JavaThread "Reference Handler" daemon [_thread_blocked, id=17424, stack(0x000000f6c5f00000,0x000000f6c6000000)]
  0x0000025dd18fcb50 JavaThread "Finalizer" daemon [_thread_blocked, id=17656, stack(0x000000f6c6000000,0x000000f6c6100000)]
  0x0000025dd19152c0 JavaThread "Signal Dispatcher" daemon [_thread_blocked, id=11312, stack(0x000000f6c6100000,0x000000f6c6200000)]
  0x0000025dd2425010 JavaThread "Attach Listener" daemon [_thread_blocked, id=7192, stack(0x000000f6c6200000,0x000000f6c6300000)]
  0x0000025dd2425ae0 JavaThread "Service Thread" daemon [_thread_blocked, id=4592, stack(0x000000f6c6300000,0x000000f6c6400000)]
  0x0000025dd24269b0 JavaThread "Monitor Deflation Thread" daemon [_thread_blocked, id=6276, stack(0x000000f6c6400000,0x000000f6c6500000)]
  0x0000025dd24275a0 JavaThread "C2 CompilerThread0" daemon [_thread_blocked, id=10144, stack(0x000000f6c6500000,0x000000f6c6600000)]
  0x0000025dd24294c0 JavaThread "C1 CompilerThread0" daemon [_thread_blocked, id=16412, stack(0x000000f6c6600000,0x000000f6c6700000)]
  0x0000025dd2429dc0 JavaThread "Sweeper thread" daemon [_thread_blocked, id=12832, stack(0x000000f6c6700000,0x000000f6c6800000)]
  0x0000025dd2594d40 JavaThread "Common-Cleaner" daemon [_thread_blocked, id=12356, stack(0x000000f6c6800000,0x000000f6c6900000)]
  0x0000025dd2595620 JavaThread "Notification Thread" daemon [_thread_blocked, id=18152, stack(0x000000f6c6900000,0x000000f6c6a00000)]
  0x0000025dd53293f0 JavaThread "Daemon health stats" [_thread_blocked, id=8508, stack(0x000000f6c7100000,0x000000f6c7200000)]
  0x0000025dd26e69c0 JavaThread "Incoming local TCP Connector on port 52006" [_thread_in_native, id=16972, stack(0x000000f6c6b00000,0x000000f6c6c00000)]
  0x0000025dd2872b60 JavaThread "Daemon periodic checks" [_thread_blocked, id=276, stack(0x000000f6c6c00000,0x000000f6c6d00000)]
  0x0000025dd4caa5b0 JavaThread "C2 CompilerThread1" daemon [_thread_in_native, id=12472, stack(0x000000f6c7200000,0x000000f6c7300000)]
  0x0000025dd2b65ad0 JavaThread "Daemon" [_thread_blocked, id=15088, stack(0x000000f6c7300000,0x000000f6c7400000)]
  0x0000025dd2b65fa0 JavaThread "Handler for socket connection from /127.0.0.1:52006 to /127.0.0.1:52007" [_thread_in_native, id=9796, stack(0x000000f6c7400000,0x000000f6c7500000)]
  0x0000025dd59f8550 JavaThread "Cancel handler" [_thread_blocked, id=8796, stack(0x000000f6c7500000,0x000000f6c7600000)]
  0x0000025dd59f8080 JavaThread "Daemon worker" [_thread_blocked, id=13420, stack(0x000000f6c7600000,0x000000f6c7700000)]
  0x0000025dd59f63a0 JavaThread "Asynchronous log dispatcher for DefaultDaemonConnection: socket connection from /127.0.0.1:52006 to /127.0.0.1:52007" [_thread_blocked, id=3812, stack(0x000000f6c7700000,0x000000f6c7800000)]
  0x0000025dd59f7210 JavaThread "Stdin handler" [_thread_blocked, id=15884, stack(0x000000f6c7800000,0x000000f6c7900000)]
  0x0000025dd59f76e0 JavaThread "Daemon client event forwarder" [_thread_blocked, id=15616, stack(0x000000f6c7900000,0x000000f6c7a00000)]
  0x0000025dd59f8a20 JavaThread "Cache worker for journal cache (C:\Users\Student\.gradle\caches\journal-1)" [_thread_blocked, id=3212, stack(0x000000f6c7e00000,0x000000f6c7f00000)]
  0x0000025dd59f5060 JavaThread "File lock request listener" [_thread_in_native, id=14140, stack(0x000000f6c7f00000,0x000000f6c8000000)]
  0x0000025dd59f5530 JavaThread "Cache worker for file hash cache (C:\Users\Student\.gradle\caches\8.0\fileHashes)" [_thread_blocked, id=10236, stack(0x000000f6c8000000,0x000000f6c8100000)]
  0x0000025dd3eb8c50 JavaThread "C2 CompilerThread2" daemon [_thread_in_native, id=12700, stack(0x000000f6c8100000,0x000000f6c8200000)]
  0x0000025dd59f5a00 JavaThread "File watcher server" daemon [_thread_blocked, id=6068, stack(0x000000f6c8200000,0x000000f6c8300000)]
  0x0000025dd59f6870 JavaThread "File watcher consumer" daemon [_thread_blocked, id=4192, stack(0x000000f6c8300000,0x000000f6c8400000)]
  0x0000025dd59f5ed0 JavaThread "Cache worker for checksums cache (C:\Users\Student\Downloads\Lernapp\.gradle\8.0\checksums)" [_thread_blocked, id=16272, stack(0x000000f6c8400000,0x000000f6c8500000)]
  0x0000025dd5c61080 JavaThread "Cache worker for cache directory md-rule (C:\Users\Student\.gradle\caches\8.0\md-rule)" [_thread_blocked, id=12948, stack(0x000000f6c8500000,0x000000f6c8600000)]
  0x0000025dd5c640a0 JavaThread "Cache worker for file content cache (C:\Users\Student\.gradle\caches\8.0\fileContent)" [_thread_blocked, id=17364, stack(0x000000f6c8600000,0x000000f6c8700000)]
  0x0000025dd5c64a40 JavaThread "Cache worker for file hash cache (C:\Users\Student\Downloads\Lernapp\.gradle\8.0\fileHashes)" [_thread_blocked, id=4680, stack(0x000000f6c8700000,0x000000f6c8800000)]
  0x0000025dd5c658b0 JavaThread "Cache worker for cache directory md-supplier (C:\Users\Student\.gradle\caches\8.0\md-supplier)" [_thread_blocked, id=8056, stack(0x000000f6c8800000,0x000000f6c8900000)]
  0x0000025dd5c62890 JavaThread "Cache worker for execution history cache (C:\Users\Student\.gradle\caches\8.0\executionHistory)" [_thread_blocked, id=17968, stack(0x000000f6c8900000,0x000000f6c8a00000)]
  0x0000025dd5c64f10 JavaThread "jar transforms" [_thread_blocked, id=10032, stack(0x000000f6c8a00000,0x000000f6c8b00000)]
  0x0000025dd5c61a20 JavaThread "jar transforms Thread 2" [_thread_blocked, id=3552, stack(0x000000f6c8b00000,0x000000f6c8c00000)]
  0x0000025dd5c63bd0 JavaThread "jar transforms Thread 3" [_thread_blocked, id=18216, stack(0x000000f6c8d00000,0x000000f6c8e00000)]
  0x0000025dd5c653e0 JavaThread "jar transforms Thread 4" [_thread_blocked, id=4556, stack(0x000000f6c8e00000,0x000000f6c8f00000)]
  0x0000025dd5c61ef0 JavaThread "Cache worker for dependencies-accessors (C:\Users\Student\Downloads\Lernapp\.gradle\8.0\dependencies-accessors)" [_thread_blocked, id=4104, stack(0x000000f6c8f00000,0x000000f6c9000000)]
  0x0000025dd5c5e530 JavaThread "jar transforms Thread 5" [_thread_blocked, id=7544, stack(0x000000f6c9000000,0x000000f6c9100000)]
  0x0000025dd5c623c0 JavaThread "Cache worker for Build Output Cleanup Cache (C:\Users\Student\Downloads\Lernapp\.gradle\buildOutputCleanup)" [_thread_blocked, id=12636, stack(0x000000f6c9100000,0x000000f6c9200000)]
  0x0000025dd5c5eed0 JavaThread "Unconstrained build operations" [_thread_blocked, id=9568, stack(0x000000f6c9200000,0x000000f6c9300000)]
  0x0000025dd5c63230 JavaThread "Unconstrained build operations Thread 2" [_thread_blocked, id=18100, stack(0x000000f6c9300000,0x000000f6c9400000)]
  0x0000025dd5c5f3a0 JavaThread "Unconstrained build operations Thread 3" [_thread_blocked, id=11048, stack(0x000000f6c9400000,0x000000f6c9500000)]
  0x0000025dd5c5fd40 JavaThread "Unconstrained build operations Thread 4" [_thread_blocked, id=8592, stack(0x000000f6c9500000,0x000000f6c9600000)]
  0x0000025dd5c60210 JavaThread "Unconstrained build operations Thread 5" [_thread_blocked, id=16456, stack(0x000000f6c9600000,0x000000f6c9700000)]
  0x0000025dd5c606e0 JavaThread "Unconstrained build operations Thread 6" [_thread_blocked, id=1928, stack(0x000000f6c9700000,0x000000f6c9800000)]
  0x0000025dd5c60bb0 JavaThread "Unconstrained build operations Thread 7" [_thread_blocked, id=6684, stack(0x000000f6c9800000,0x000000f6c9900000)]
  0x0000025dd4a83e90 JavaThread "Unconstrained build operations Thread 8" [_thread_blocked, id=16888, stack(0x000000f6c9900000,0x000000f6c9a00000)]
  0x0000025dd4a86510 JavaThread "Unconstrained build operations Thread 9" [_thread_blocked, id=16776, stack(0x000000f6c9a00000,0x000000f6c9b00000)]
  0x0000025dd4a804d0 JavaThread "Unconstrained build operations Thread 10" [_thread_blocked, id=12616, stack(0x000000f6c9b00000,0x000000f6c9c00000)]
  0x0000025dd4a81810 JavaThread "Unconstrained build operations Thread 11" [_thread_blocked, id=15076, stack(0x000000f6c9c00000,0x000000f6c9d00000)]
  0x0000025dd4a84d00 JavaThread "Unconstrained build operations Thread 12" [_thread_blocked, id=15684, stack(0x000000f6c9d00000,0x000000f6c9e00000)]
  0x0000025dd4a84360 JavaThread "Unconstrained build operations Thread 13" [_thread_blocked, id=2444, stack(0x000000f6c9e00000,0x000000f6c9f00000)]
  0x0000025dd4a856a0 JavaThread "Unconstrained build operations Thread 14" [_thread_blocked, id=15644, stack(0x000000f6c9f00000,0x000000f6ca000000)]
  0x0000025dd4a809a0 JavaThread "Unconstrained build operations Thread 15" [_thread_blocked, id=2300, stack(0x000000f6ca000000,0x000000f6ca100000)]
  0x0000025dd4a84830 JavaThread "Unconstrained build operations Thread 16" [_thread_blocked, id=304, stack(0x000000f6ca100000,0x000000f6ca200000)]
  0x0000025dd4a869e0 JavaThread "Unconstrained build operations Thread 17" [_thread_blocked, id=13296, stack(0x000000f6ca200000,0x000000f6ca300000)]
  0x0000025dd4a81340 JavaThread "Unconstrained build operations Thread 18" [_thread_blocked, id=9288, stack(0x000000f6ca300000,0x000000f6ca400000)]
  0x0000025dd4a85b70 JavaThread "Unconstrained build operations Thread 19" [_thread_blocked, id=10672, stack(0x000000f6ca400000,0x000000f6ca500000)]
  0x0000025dd4a81ce0 JavaThread "Unconstrained build operations Thread 20" [_thread_blocked, id=13036, stack(0x000000f6ca500000,0x000000f6ca600000)]
  0x0000025dd4a86040 JavaThread "Unconstrained build operations Thread 21" [_thread_blocked, id=4672, stack(0x000000f6ca600000,0x000000f6ca700000)]
  0x0000025dd4a80000 JavaThread "Unconstrained build operations Thread 22" [_thread_blocked, id=16208, stack(0x000000f6ca700000,0x000000f6ca800000)]
  0x0000025dd4a83020 JavaThread "Unconstrained build operations Thread 23" [_thread_blocked, id=4128, stack(0x000000f6ca800000,0x000000f6ca900000)]
  0x0000025dd4a7f660 JavaThread "Unconstrained build operations Thread 24" [_thread_blocked, id=8292, stack(0x000000f6ca900000,0x000000f6caa00000)]
  0x0000025dd4a851d0 JavaThread "Unconstrained build operations Thread 25" [_thread_blocked, id=15384, stack(0x000000f6caa00000,0x000000f6cab00000)]
  0x0000025dd4a834f0 JavaThread "Unconstrained build operations Thread 26" [_thread_blocked, id=5572, stack(0x000000f6cab00000,0x000000f6cac00000)]
  0x0000025dd4a7f190 JavaThread "Unconstrained build operations Thread 27" [_thread_blocked, id=15048, stack(0x000000f6cac00000,0x000000f6cad00000)]
  0x0000025dd4a7fb30 JavaThread "Unconstrained build operations Thread 28" [_thread_blocked, id=16348, stack(0x000000f6cad00000,0x000000f6cae00000)]
  0x0000025dd4a80e70 JavaThread "Unconstrained build operations Thread 29" [_thread_blocked, id=14956, stack(0x000000f6cae00000,0x000000f6caf00000)]
  0x0000025dd4a821b0 JavaThread "Unconstrained build operations Thread 30" [_thread_blocked, id=9264, stack(0x000000f6caf00000,0x000000f6cb000000)]
  0x0000025dd4a82680 JavaThread "Unconstrained build operations Thread 31" [_thread_blocked, id=17084, stack(0x000000f6cb000000,0x000000f6cb100000)]
  0x0000025dd4a82b50 JavaThread "Unconstrained build operations Thread 32" [_thread_blocked, id=15024, stack(0x000000f6cb100000,0x000000f6cb200000)]
  0x0000025dd4a839c0 JavaThread "Unconstrained build operations Thread 33" [_thread_blocked, id=7592, stack(0x000000f6cb200000,0x000000f6cb300000)]
  0x0000025dd5553fe0 JavaThread "Unconstrained build operations Thread 34" [_thread_blocked, id=15548, stack(0x000000f6cb300000,0x000000f6cb400000)]
  0x0000025dd55527d0 JavaThread "Unconstrained build operations Thread 35" [_thread_blocked, id=1608, stack(0x000000f6cb400000,0x000000f6cb500000)]
  0x0000025dd5554980 JavaThread "Unconstrained build operations Thread 36" [_thread_blocked, id=2920, stack(0x000000f6cb500000,0x000000f6cb600000)]
  0x0000025dd5554e50 JavaThread "Unconstrained build operations Thread 37" [_thread_blocked, id=12152, stack(0x000000f6cb600000,0x000000f6cb700000)]
  0x0000025dd55544b0 JavaThread "Unconstrained build operations Thread 38" [_thread_blocked, id=16408, stack(0x000000f6cb700000,0x000000f6cb800000)]
  0x0000025dd5557e70 JavaThread "Unconstrained build operations Thread 39" [_thread_blocked, id=14020, stack(0x000000f6cb800000,0x000000f6cb900000)]
  0x0000025dd5558810 JavaThread "Unconstrained build operations Thread 40" [_thread_blocked, id=6120, stack(0x000000f6cb900000,0x000000f6cba00000)]
  0x0000025dd5552ca0 JavaThread "Unconstrained build operations Thread 41" [_thread_blocked, id=2608, stack(0x000000f6cba00000,0x000000f6cbb00000)]
  0x0000025dd5558ce0 JavaThread "Unconstrained build operations Thread 42" [_thread_blocked, id=16452, stack(0x000000f6cbb00000,0x000000f6cbc00000)]
  0x0000025dd5555320 JavaThread "Unconstrained build operations Thread 43" [_thread_blocked, id=17784, stack(0x000000f6cbc00000,0x000000f6cbd00000)]
  0x0000025dd5558340 JavaThread "Unconstrained build operations Thread 44" [_thread_blocked, id=14360, stack(0x000000f6cbd00000,0x000000f6cbe00000)]
  0x0000025dd5559680 JavaThread "Unconstrained build operations Thread 45" [_thread_blocked, id=3584, stack(0x000000f6cbe00000,0x000000f6cbf00000)]
  0x0000025dd5556b30 JavaThread "Unconstrained build operations Thread 46" [_thread_blocked, id=12784, stack(0x000000f6cbf00000,0x000000f6cc000000)]
  0x0000025dd5559b50 JavaThread "Unconstrained build operations Thread 47" [_thread_blocked, id=17264, stack(0x000000f6cc000000,0x000000f6cc100000)]
  0x0000025dd55557f0 JavaThread "Unconstrained build operations Thread 48" [_thread_blocked, id=12716, stack(0x000000f6cc100000,0x000000f6cc200000)]
  0x0000025dd55591b0 JavaThread "Unconstrained build operations Thread 49" [_thread_blocked, id=11496, stack(0x000000f6cc200000,0x000000f6cc300000)]
  0x0000025dd5557000 JavaThread "Unconstrained build operations Thread 50" [_thread_blocked, id=6304, stack(0x000000f6cc300000,0x000000f6cc400000)]
  0x0000025dd5555cc0 JavaThread "Unconstrained build operations Thread 51" [_thread_blocked, id=2076, stack(0x000000f6cc400000,0x000000f6cc500000)]
  0x0000025dd5556190 JavaThread "Unconstrained build operations Thread 52" [_thread_blocked, id=17916, stack(0x000000f6cc500000,0x000000f6cc600000)]
  0x0000025dd5552300 JavaThread "Unconstrained build operations Thread 53" [_thread_blocked, id=3448, stack(0x000000f6cc600000,0x000000f6cc700000)]
  0x0000025dd5556660 JavaThread "Unconstrained build operations Thread 54" [_thread_blocked, id=2692, stack(0x000000f6cc700000,0x000000f6cc800000)]
  0x0000025dd55574d0 JavaThread "Unconstrained build operations Thread 55" [_thread_blocked, id=8464, stack(0x000000f6cc800000,0x000000f6cc900000)]
  0x0000025dd55579a0 JavaThread "Unconstrained build operations Thread 56" [_thread_blocked, id=17448, stack(0x000000f6cc900000,0x000000f6cca00000)]
  0x0000025dd5553170 JavaThread "Unconstrained build operations Thread 57" [_thread_blocked, id=4048, stack(0x000000f6cca00000,0x000000f6ccb00000)]
  0x0000025dd5553640 JavaThread "Unconstrained build operations Thread 58" [_thread_blocked, id=17272, stack(0x000000f6ccb00000,0x000000f6ccc00000)]
  0x0000025dd5553b10 JavaThread "Unconstrained build operations Thread 59" [_thread_blocked, id=5792, stack(0x000000f6ccc00000,0x000000f6ccd00000)]
  0x0000025dd26df980 JavaThread "Unconstrained build operations Thread 60" [_thread_blocked, id=8716, stack(0x000000f6ccd00000,0x000000f6cce00000)]
  0x0000025dd26df4b0 JavaThread "Unconstrained build operations Thread 61" [_thread_blocked, id=1012, stack(0x000000f6cce00000,0x000000f6ccf00000)]
  0x0000025dd26defe0 JavaThread "Unconstrained build operations Thread 62" [_thread_blocked, id=2908, stack(0x000000f6ccf00000,0x000000f6cd000000)]
  0x0000025dd26e0320 JavaThread "Unconstrained build operations Thread 63" [_thread_blocked, id=3340, stack(0x000000f6cd000000,0x000000f6cd100000)]
  0x0000025dd26de640 JavaThread "Unconstrained build operations Thread 64" [_thread_blocked, id=512, stack(0x000000f6cd100000,0x000000f6cd200000)]
  0x0000025dd26dfe50 JavaThread "Unconstrained build operations Thread 65" [_thread_blocked, id=4164, stack(0x000000f6cd200000,0x000000f6cd300000)]
  0x0000025dd26e07f0 JavaThread "Unconstrained build operations Thread 66" [_thread_blocked, id=18288, stack(0x000000f6cd300000,0x000000f6cd400000)]
  0x0000025dd26deb10 JavaThread "Unconstrained build operations Thread 67" [_thread_blocked, id=3740, stack(0x000000f6cd400000,0x000000f6cd500000)]
  0x0000025dd26e1660 JavaThread "Unconstrained build operations Thread 68" [_thread_blocked, id=6096, stack(0x000000f6cd500000,0x000000f6cd600000)]
  0x0000025dd26e0cc0 JavaThread "Unconstrained build operations Thread 69" [_thread_blocked, id=7752, stack(0x000000f6cd600000,0x000000f6cd700000)]
  0x0000025dd26e1190 JavaThread "Unconstrained build operations Thread 70" [_thread_blocked, id=17800, stack(0x000000f6cd700000,0x000000f6cd800000)]
  0x0000025dd26e1b30 JavaThread "Unconstrained build operations Thread 71" [_thread_blocked, id=1376, stack(0x000000f6cd800000,0x000000f6cd900000)]
  0x0000025dd26de170 JavaThread "Unconstrained build operations Thread 72" [_thread_blocked, id=6616, stack(0x000000f6cd900000,0x000000f6cda00000)]
  0x0000025dd2be1a90 JavaThread "Unconstrained build operations Thread 73" [_thread_blocked, id=7920, stack(0x000000f6cda00000,0x000000f6cdb00000)]
  0x0000025dd2be2430 JavaThread "Unconstrained build operations Thread 74" [_thread_blocked, id=13112, stack(0x000000f6cdb00000,0x000000f6cdc00000)]
  0x0000025dd2be4f80 JavaThread "Unconstrained build operations Thread 75" [_thread_blocked, id=16540, stack(0x000000f6cdc00000,0x000000f6cdd00000)]
  0x0000025dd2be0750 JavaThread "Unconstrained build operations Thread 76" [_thread_blocked, id=11228, stack(0x000000f6cdd00000,0x000000f6cde00000)]
  0x0000025dd2be10f0 JavaThread "Unconstrained build operations Thread 77" [_thread_blocked, id=12872, stack(0x000000f6cde00000,0x000000f6cdf00000)]
  0x0000025dd2be5450 JavaThread "Unconstrained build operations Thread 78" [_thread_blocked, id=17100, stack(0x000000f6cdf00000,0x000000f6ce000000)]
  0x0000025dd2be1f60 JavaThread "Unconstrained build operations Thread 79" [_thread_blocked, id=4668, stack(0x000000f6ce000000,0x000000f6ce100000)]
  0x0000025dd2be6790 JavaThread "Unconstrained build operations Thread 80" [_thread_blocked, id=5620, stack(0x000000f6ce100000,0x000000f6ce200000)]
  0x0000025dd2be0c20 JavaThread "jar transforms Thread 6" [_thread_blocked, id=12608, stack(0x000000f6ce200000,0x000000f6ce300000)]
  0x0000025dd2be5920 JavaThread "jar transforms Thread 7" [_thread_blocked, id=15852, stack(0x000000f6ce300000,0x000000f6ce400000)]
  0x0000025dd2be15c0 JavaThread "jar transforms Thread 8" [_thread_blocked, id=13248, stack(0x000000f6ce400000,0x000000f6ce500000)]
  0x0000025dd2be5df0 JavaThread "build event listener" [_thread_blocked, id=7188, stack(0x000000f6ce500000,0x000000f6ce600000)]
  0x0000025dd2be3c40 JavaThread "Memory manager" [_thread_blocked, id=1212, stack(0x000000f6ce600000,0x000000f6ce700000)]
  0x0000025dd2be4ab0 JavaThread "included builds" [_thread_blocked, id=5472, stack(0x000000f6ce700000,0x000000f6ce800000)]
  0x0000025dd2be45e0 JavaThread "Execution worker" [_thread_blocked, id=14572, stack(0x000000f6ce800000,0x000000f6ce900000)]
  0x0000025dd4ad4370 JavaThread "Execution worker Thread 2" [_thread_blocked, id=14528, stack(0x000000f6ce900000,0x000000f6cea00000)]
  0x0000025dd4ad1350 JavaThread "Execution worker Thread 3" [_thread_blocked, id=16620, stack(0x000000f6cea00000,0x000000f6ceb00000)]
  0x0000025dd4ad21c0 JavaThread "Execution worker Thread 4" [_thread_blocked, id=12336, stack(0x000000f6ceb00000,0x000000f6cec00000)]
  0x0000025dd4ad4840 JavaThread "Execution worker Thread 5" [_thread_blocked, id=12704, stack(0x000000f6cec00000,0x000000f6ced00000)]
  0x0000025dd4ad6520 JavaThread "Execution worker Thread 6" [_thread_blocked, id=17672, stack(0x000000f6ced00000,0x000000f6cee00000)]
  0x0000025dd4ad1cf0 JavaThread "Execution worker Thread 7" [_thread_blocked, id=14108, stack(0x000000f6cee00000,0x000000f6cef00000)]
  0x0000025dd4ad1820 JavaThread "Cache worker for execution history cache (C:\Users\Student\Downloads\Lernapp\.gradle\8.0\executionHistory)" [_thread_blocked, id=17712, stack(0x000000f6cef00000,0x000000f6cf000000)]
  0x0000025dd4ad39d0 JavaThread "WorkerExecutor Queue" [_thread_blocked, id=9252, stack(0x000000f6cf000000,0x000000f6cf100000)]
  0x0000025dda5fb6f0 JavaThread "WorkerExecutor Queue Thread 2" [_thread_blocked, id=6592, stack(0x000000f6cf100000,0x000000f6cf200000)]
  0x0000025dd9d66170 JavaThread "WorkerExecutor Queue Thread 3" [_thread_blocked, id=14612, stack(0x000000f6cf200000,0x000000f6cf300000)]
  0x0000025dd9d66640 JavaThread "WorkerExecutor Queue Thread 4" [_thread_blocked, id=8972, stack(0x000000f6cf300000,0x000000f6cf400000)]
  0x0000025dda5fbbc0 JavaThread "pool-3-thread-1" [_thread_blocked, id=11824, stack(0x000000f6cf400000,0x000000f6cf500000)]
  0x0000025dda5fa880 JavaThread "stderr" [_thread_in_native, id=8072, stack(0x000000f6cf500000,0x000000f6cf600000)]
  0x0000025dda5fad50 JavaThread "stdout" [_thread_in_native, id=17616, stack(0x000000f6cf600000,0x000000f6cf700000)]
  0x0000025dd3558420 JavaThread "ForkJoinPool-1-worker-1" daemon [_thread_blocked, id=4032, stack(0x000000f6cf700000,0x000000f6cf800000)]
  0x0000025dd7452ca0 JavaThread "ForkJoinPool-1-worker-2" daemon [_thread_blocked, id=17488, stack(0x000000f6cf800000,0x000000f6cf900000)]
  0x0000025dda5fb220 JavaThread "ForkJoinPool-1-worker-3" daemon [_thread_blocked, id=17344, stack(0x000000f6cf900000,0x000000f6cfa00000)]
  0x0000025dd4ad09b0 JavaThread "ForkJoinPool-1-worker-4" daemon [_thread_blocked, id=4580, stack(0x000000f6cfa00000,0x000000f6cfb00000)]
  0x0000025dd3557a80 JavaThread "ForkJoinPool-1-worker-5" daemon [_thread_blocked, id=5152, stack(0x000000f6cfb00000,0x000000f6cfc00000)]
  0x0000025dd7991240 JavaThread "ForkJoinPool-1-worker-6" daemon [_thread_blocked, id=11080, stack(0x000000f6cfc00000,0x000000f6cfd00000)]
  0x0000025dd9d65300 JavaThread "ForkJoinPool-1-worker-7" daemon [_thread_blocked, id=10992, stack(0x000000f6cfd00000,0x000000f6cfe00000)]
  0x0000025dd3557f50 JavaThread "ForkJoinPool-1-worker-8" daemon [_thread_blocked, id=5204, stack(0x000000f6cfe00000,0x000000f6cff00000)]

Other Threads:
=>0x0000025dd18fa3d0 VMThread "VM Thread" [stack: 0x000000f6c5e00000,0x000000f6c5f00000] [id=11644]
  0x0000025db7b21440 WatcherThread [stack: 0x000000f6c6a00000,0x000000f6c6b00000] [id=15356]
  0x0000025db7af8410 GCTaskThread "GC Thread#0" [stack: 0x000000f6c5900000,0x000000f6c5a00000] [id=9600]
  0x0000025dd2f7a310 GCTaskThread "GC Thread#1" [stack: 0x000000f6c6d00000,0x000000f6c6e00000] [id=17352]
  0x0000025dd2ef2cc0 GCTaskThread "GC Thread#2" [stack: 0x000000f6c6e00000,0x000000f6c6f00000] [id=1060]
  0x0000025dd2ef2f70 GCTaskThread "GC Thread#3" [stack: 0x000000f6c6f00000,0x000000f6c7000000] [id=6892]
  0x0000025dd2bfb4c0 GCTaskThread "GC Thread#4" [stack: 0x000000f6c7000000,0x000000f6c7100000] [id=17164]
  0x0000025dd3ee9770 GCTaskThread "GC Thread#5" [stack: 0x000000f6c7a00000,0x000000f6c7b00000] [id=18032]
  0x0000025dd3ee9f80 GCTaskThread "GC Thread#6" [stack: 0x000000f6c7b00000,0x000000f6c7c00000] [id=16692]
  0x0000025dd3eeaa40 GCTaskThread "GC Thread#7" [stack: 0x000000f6c7c00000,0x000000f6c7d00000] [id=15148]
  0x0000025db7b09100 ConcurrentGCThread "G1 Main Marker" [stack: 0x000000f6c5a00000,0x000000f6c5b00000] [id=17960]
  0x0000025db7b098c0 ConcurrentGCThread "G1 Conc#0" [stack: 0x000000f6c5b00000,0x000000f6c5c00000] [id=12968]
  0x0000025dd3ee9cd0 ConcurrentGCThread "G1 Conc#1" [stack: 0x000000f6c7d00000,0x000000f6c7e00000] [id=12364]
  0x0000025db7b6e110 ConcurrentGCThread "G1 Refine#0" [stack: 0x000000f6c5c00000,0x000000f6c5d00000] [id=7892]
  0x0000025dd3eff2f0 ConcurrentGCThread "G1 Refine#1" [stack: 0x000000f6c8c00000,0x000000f6c8d00000] [id=4660]
  0x0000025dde6c02b0 ConcurrentGCThread "G1 Refine#2" [stack: 0x000000f6cff00000,0x000000f6d0000000] [id=13092]
  0x0000025ddcdee130 ConcurrentGCThread "G1 Refine#3" [stack: 0x000000f6d0000000,0x000000f6d0100000] [id=5124]
  0x0000025dda0dee40 ConcurrentGCThread "G1 Refine#4" [stack: 0x000000f6d0100000,0x000000f6d0200000] [id=6776]
  0x0000025dd3eff010 ConcurrentGCThread "G1 Refine#5" [stack: 0x000000f6d0200000,0x000000f6d0300000] [id=460]
  0x0000025dd3eff5d0 ConcurrentGCThread "G1 Refine#6" [stack: 0x000000f6d0300000,0x000000f6d0400000] [id=10480]
  0x0000025db7b6e8e0 ConcurrentGCThread "G1 Service" [stack: 0x000000f6c5d00000,0x000000f6c5e00000] [id=2260]

Threads with active compile tasks:
C2 CompilerThread0    14838 12224       4       com.android.tools.r8.graph.p2::a (117 bytes)
C1 CompilerThread0    14838 12314       2       java.util.LinkedHashMap::keysToArray (38 bytes)
C2 CompilerThread1    14838 12004       4       com.android.tools.r8.dex.B::a (829 bytes)
C2 CompilerThread2    14838 11981 %     4       com.android.tools.r8.dex.B::a @ 316 (1030 bytes)

VM state: at safepoint (normal execution)

VM Mutex/Monitor currently owned by a thread:  ([mutex/lock_event])
[0x0000025db7a97750] Threads_lock - owner thread: 0x0000025dd18fa3d0
[0x0000025db7a97870] Heap_lock - owner thread: 0x0000025dd7452ca0

Heap address: 0x0000000080000000, size: 2048 MB, Compressed Oops mode: 32-bit

CDS archive(s) not mapped
Compressed class space mapped at: 0x0000000100000000-0x0000000140000000, reserved size: 1073741824
Narrow klass base: 0x0000000000000000, Narrow klass shift: 3, Narrow klass range: 0x140000000

GC Precious Log:
 CPUs: 8 total, 8 available
 Memory: 8030M
 Large Page Support: Disabled
 NUMA Support: Disabled
 Compressed Oops: Enabled (32-bit)
 Heap Region Size: 1M
 Heap Min Capacity: 8M
 Heap Initial Capacity: 126M
 Heap Max Capacity: 2G
 Pre-touch: Disabled
 Parallel Workers: 8
 Concurrent Workers: 2
 Concurrent Refinement Workers: 8
 Periodic GC: Disabled

Heap:
 garbage-first heap   total 256000K, used 197451K [0x0000000080000000, 0x0000000100000000)
  region size 1024K, 3 young (3072K), 3 survivors (3072K)
 Metaspace       used 100342K, committed 101056K, reserved 1138688K
  class space    used 13923K, committed 14272K, reserved 1048576K

Heap Regions: E=young(eden), S=young(survivor), O=old, HS=humongous(starts), HC=humongous(continues), CS=collection set, F=free, OA=open archive, CA=closed archive, TAMS=top-at-mark-start (previous, next)
|   0|0x0000000080000000, 0x0000000080100000, 0x0000000080100000|100%|HS|  |TAMS 0x0000000080100000, 0x0000000080100000| Complete 
|   1|0x0000000080100000, 0x0000000080200000, 0x0000000080200000|100%|HC|  |TAMS 0x0000000080200000, 0x0000000080200000| Complete 
|   2|0x0000000080200000, 0x0000000080300000, 0x0000000080300000|100%|HC|  |TAMS 0x0000000080300000, 0x0000000080300000| Complete 
|   3|0x0000000080300000, 0x0000000080400000, 0x0000000080400000|100%|HC|  |TAMS 0x0000000080400000, 0x0000000080400000| Complete 
|   4|0x0000000080400000, 0x0000000080500000, 0x0000000080500000|100%| O|  |TAMS 0x0000000080500000, 0x0000000080500000| Untracked 
|   5|0x0000000080500000, 0x0000000080600000, 0x0000000080600000|100%| O|  |TAMS 0x0000000080600000, 0x0000000080600000| Untracked 
|   6|0x0000000080600000, 0x0000000080700000, 0x0000000080700000|100%| O|  |TAMS 0x0000000080700000, 0x0000000080700000| Untracked 
|   7|0x0000000080700000, 0x0000000080800000, 0x0000000080800000|100%| O|  |TAMS 0x0000000080800000, 0x0000000080800000| Untracked 
|   8|0x0000000080800000, 0x0000000080900000, 0x0000000080900000|100%| O|  |TAMS 0x0000000080900000, 0x0000000080900000| Untracked 
|   9|0x0000000080900000, 0x0000000080a00000, 0x0000000080a00000|100%| O|  |TAMS 0x0000000080a00000, 0x0000000080a00000| Untracked 
|  10|0x0000000080a00000, 0x0000000080b00000, 0x0000000080b00000|100%| O|  |TAMS 0x0000000080b00000, 0x0000000080b00000| Untracked 
|  11|0x0000000080b00000, 0x0000000080be0200, 0x0000000080c00000| 87%| O|  |TAMS 0x0000000080be0200, 0x0000000080be0200| Untracked 
|  12|0x0000000080c00000, 0x0000000080d00000, 0x0000000080d00000|100%| O|  |TAMS 0x0000000080d00000, 0x0000000080d00000| Untracked 
|  13|0x0000000080d00000, 0x0000000080e00000, 0x0000000080e00000|100%| O|  |TAMS 0x0000000080e00000, 0x0000000080e00000| Untracked 
|  14|0x0000000080e00000, 0x0000000080f00000, 0x0000000080f00000|100%| O|  |TAMS 0x0000000080f00000, 0x0000000080f00000| Untracked 
|  15|0x0000000080f00000, 0x0000000081000000, 0x0000000081000000|100%| O|  |TAMS 0x0000000081000000, 0x0000000081000000| Untracked 
|  16|0x0000000081000000, 0x0000000081100000, 0x0000000081100000|100%| O|  |TAMS 0x0000000081100000, 0x0000000081100000| Untracked 
|  17|0x0000000081100000, 0x0000000081200000, 0x0000000081200000|100%| O|  |TAMS 0x0000000081200000, 0x0000000081200000| Untracked 
|  18|0x0000000081200000, 0x0000000081300000, 0x0000000081300000|100%| O|  |TAMS 0x0000000081300000, 0x0000000081300000| Untracked 
|  19|0x0000000081300000, 0x0000000081400000, 0x0000000081400000|100%| O|  |TAMS 0x0000000081400000, 0x0000000081400000| Untracked 
|  20|0x0000000081400000, 0x0000000081500000, 0x0000000081500000|100%| O|  |TAMS 0x0000000081500000, 0x0000000081500000| Untracked 
|  21|0x0000000081500000, 0x0000000081600000, 0x0000000081600000|100%| O|  |TAMS 0x0000000081600000, 0x0000000081600000| Untracked 
|  22|0x0000000081600000, 0x0000000081700000, 0x0000000081700000|100%| O|  |TAMS 0x0000000081700000, 0x0000000081700000| Untracked 
|  23|0x0000000081700000, 0x0000000081800000, 0x0000000081800000|100%|HS|  |TAMS 0x0000000081800000, 0x0000000081800000| Complete 
|  24|0x0000000081800000, 0x0000000081900000, 0x0000000081900000|100%| O|  |TAMS 0x0000000081900000, 0x0000000081900000| Untracked 
|  25|0x0000000081900000, 0x0000000081a00000, 0x0000000081a00000|100%| O|  |TAMS 0x0000000081a00000, 0x0000000081a00000| Untracked 
|  26|0x0000000081a00000, 0x0000000081b00000, 0x0000000081b00000|100%| O|  |TAMS 0x0000000081b00000, 0x0000000081b00000| Untracked 
|  27|0x0000000081b00000, 0x0000000081c00000, 0x0000000081c00000|100%| O|  |TAMS 0x0000000081c00000, 0x0000000081c00000| Untracked 
|  28|0x0000000081c00000, 0x0000000081d00000, 0x0000000081d00000|100%| O|  |TAMS 0x0000000081d00000, 0x0000000081d00000| Untracked 
|  29|0x0000000081d00000, 0x0000000081e00000, 0x0000000081e00000|100%| O|  |TAMS 0x0000000081e00000, 0x0000000081e00000| Untracked 
|  30|0x0000000081e00000, 0x0000000081f00000, 0x0000000081f00000|100%| O|  |TAMS 0x0000000081f00000, 0x0000000081f00000| Untracked 
|  31|0x0000000081f00000, 0x0000000082000000, 0x0000000082000000|100%| O|  |TAMS 0x0000000082000000, 0x0000000082000000| Untracked 
|  32|0x0000000082000000, 0x0000000082100000, 0x0000000082100000|100%|HS|  |TAMS 0x0000000082000000, 0x0000000082100000| Complete 
|  33|0x0000000082100000, 0x0000000082200000, 0x0000000082200000|100%|HS|  |TAMS 0x0000000082200000, 0x0000000082200000| Complete 
|  34|0x0000000082200000, 0x0000000082300000, 0x0000000082300000|100%| O|  |TAMS 0x0000000082300000, 0x0000000082300000| Untracked 
|  35|0x0000000082300000, 0x0000000082400000, 0x0000000082400000|100%| O|  |TAMS 0x0000000082400000, 0x0000000082400000| Untracked 
|  36|0x0000000082400000, 0x0000000082500000, 0x0000000082500000|100%| O|  |TAMS 0x0000000082500000, 0x0000000082500000| Untracked 
|  37|0x0000000082500000, 0x0000000082600000, 0x0000000082600000|100%| O|  |TAMS 0x0000000082600000, 0x0000000082600000| Untracked 
|  38|0x0000000082600000, 0x0000000082700000, 0x0000000082700000|100%| O|  |TAMS 0x0000000082700000, 0x0000000082700000| Untracked 
|  39|0x0000000082700000, 0x0000000082800000, 0x0000000082800000|100%| O|  |TAMS 0x0000000082800000, 0x0000000082800000| Untracked 
|  40|0x0000000082800000, 0x0000000082900000, 0x0000000082900000|100%| O|  |TAMS 0x0000000082900000, 0x0000000082900000| Untracked 
|  41|0x0000000082900000, 0x0000000082a00000, 0x0000000082a00000|100%| O|  |TAMS 0x0000000082a00000, 0x0000000082a00000| Untracked 
|  42|0x0000000082a00000, 0x0000000082b00000, 0x0000000082b00000|100%| O|  |TAMS 0x0000000082a00000, 0x0000000082b00000| Untracked 
|  43|0x0000000082b00000, 0x0000000082c00000, 0x0000000082c00000|100%| O|  |TAMS 0x0000000082c00000, 0x0000000082c00000| Untracked 
|  44|0x0000000082c00000, 0x0000000082d00000, 0x0000000082d00000|100%| O|  |TAMS 0x0000000082d00000, 0x0000000082d00000| Untracked 
|  45|0x0000000082d00000, 0x0000000082e00000, 0x0000000082e00000|100%| O|  |TAMS 0x0000000082e00000, 0x0000000082e00000| Untracked 
|  46|0x0000000082e00000, 0x0000000082f00000, 0x0000000082f00000|100%| O|  |TAMS 0x0000000082f00000, 0x0000000082f00000| Untracked 
|  47|0x0000000082f00000, 0x0000000083000000, 0x0000000083000000|100%| O|  |TAMS 0x0000000083000000, 0x0000000083000000| Untracked 
|  48|0x0000000083000000, 0x0000000083100000, 0x0000000083100000|100%| O|  |TAMS 0x0000000083100000, 0x0000000083100000| Untracked 
|  49|0x0000000083100000, 0x0000000083200000, 0x0000000083200000|100%| O|  |TAMS 0x0000000083200000, 0x0000000083200000| Untracked 
|  50|0x0000000083200000, 0x0000000083300000, 0x0000000083300000|100%| O|  |TAMS 0x0000000083300000, 0x0000000083300000| Untracked 
|  51|0x0000000083300000, 0x0000000083400000, 0x0000000083400000|100%| O|  |TAMS 0x0000000083400000, 0x0000000083400000| Untracked 
|  52|0x0000000083400000, 0x0000000083500000, 0x0000000083500000|100%| O|  |TAMS 0x0000000083500000, 0x0000000083500000| Untracked 
|  53|0x0000000083500000, 0x0000000083600000, 0x0000000083600000|100%| O|  |TAMS 0x0000000083600000, 0x0000000083600000| Untracked 
|  54|0x0000000083600000, 0x0000000083700000, 0x0000000083700000|100%| O|  |TAMS 0x0000000083700000, 0x0000000083700000| Untracked 
|  55|0x0000000083700000, 0x0000000083800000, 0x0000000083800000|100%| O|  |TAMS 0x0000000083800000, 0x0000000083800000| Untracked 
|  56|0x0000000083800000, 0x0000000083900000, 0x0000000083900000|100%| O|  |TAMS 0x0000000083900000, 0x0000000083900000| Untracked 
|  57|0x0000000083900000, 0x0000000083a00000, 0x0000000083a00000|100%| O|  |TAMS 0x0000000083a00000, 0x0000000083a00000| Untracked 
|  58|0x0000000083a00000, 0x0000000083b00000, 0x0000000083b00000|100%| O|  |TAMS 0x0000000083b00000, 0x0000000083b00000| Untracked 
|  59|0x0000000083b00000, 0x0000000083c00000, 0x0000000083c00000|100%| O|  |TAMS 0x0000000083c00000, 0x0000000083c00000| Untracked 
|  60|0x0000000083c00000, 0x0000000083d00000, 0x0000000083d00000|100%| O|  |TAMS 0x0000000083d00000, 0x0000000083d00000| Untracked 
|  61|0x0000000083d00000, 0x0000000083e00000, 0x0000000083e00000|100%| O|  |TAMS 0x0000000083e00000, 0x0000000083e00000| Untracked 
|  62|0x0000000083e00000, 0x0000000083f00000, 0x0000000083f00000|100%| O|  |TAMS 0x0000000083f00000, 0x0000000083f00000| Untracked 
|  63|0x0000000083f00000, 0x0000000084000000, 0x0000000084000000|100%| O|  |TAMS 0x0000000084000000, 0x0000000084000000| Untracked 
|  64|0x0000000084000000, 0x0000000084100000, 0x0000000084100000|100%| O|  |TAMS 0x000000008400ac00, 0x0000000084100000| Untracked 
|  65|0x0000000084100000, 0x0000000084200000, 0x0000000084200000|100%| O|  |TAMS 0x0000000084100000, 0x0000000084200000| Untracked 
|  66|0x0000000084200000, 0x0000000084300000, 0x0000000084300000|100%| O|  |TAMS 0x0000000084200000, 0x0000000084300000| Untracked 
|  67|0x0000000084300000, 0x0000000084400000, 0x0000000084400000|100%| O|  |TAMS 0x0000000084300000, 0x0000000084400000| Untracked 
|  68|0x0000000084400000, 0x0000000084500000, 0x0000000084500000|100%| O|  |TAMS 0x0000000084400000, 0x0000000084500000| Untracked 
|  69|0x0000000084500000, 0x0000000084600000, 0x0000000084600000|100%| O|  |TAMS 0x0000000084500000, 0x0000000084600000| Untracked 
|  70|0x0000000084600000, 0x0000000084700000, 0x0000000084700000|100%| O|  |TAMS 0x0000000084600000, 0x0000000084700000| Untracked 
|  71|0x0000000084700000, 0x0000000084800000, 0x0000000084800000|100%| O|  |TAMS 0x0000000084700000, 0x0000000084800000| Untracked 
|  72|0x0000000084800000, 0x0000000084900000, 0x0000000084900000|100%| O|  |TAMS 0x0000000084800000, 0x0000000084900000| Untracked 
|  73|0x0000000084900000, 0x0000000084a00000, 0x0000000084a00000|100%|HS|  |TAMS 0x0000000084900000, 0x0000000084a00000| Complete 
|  74|0x0000000084a00000, 0x0000000084b00000, 0x0000000084b00000|100%|HC|  |TAMS 0x0000000084a00000, 0x0000000084b00000| Complete 
|  75|0x0000000084b00000, 0x0000000084c00000, 0x0000000084c00000|100%|HS|  |TAMS 0x0000000084b00000, 0x0000000084c00000| Complete 
|  76|0x0000000084c00000, 0x0000000084d00000, 0x0000000084d00000|100%|HS|  |TAMS 0x0000000084c00000, 0x0000000084d00000| Complete 
|  77|0x0000000084d00000, 0x0000000084e00000, 0x0000000084e00000|100%|HS|  |TAMS 0x0000000084d00000, 0x0000000084e00000| Complete 
|  78|0x0000000084e00000, 0x0000000084f00000, 0x0000000084f00000|100%|HC|  |TAMS 0x0000000084e00000, 0x0000000084f00000| Complete 
|  79|0x0000000084f00000, 0x0000000085000000, 0x0000000085000000|100%|HS|  |TAMS 0x0000000084f00000, 0x0000000085000000| Complete 
|  80|0x0000000085000000, 0x0000000085100000, 0x0000000085100000|100%|HC|  |TAMS 0x0000000085000000, 0x0000000085100000| Complete 
|  81|0x0000000085100000, 0x0000000085200000, 0x0000000085200000|100%|HS|  |TAMS 0x0000000085100000, 0x0000000085200000| Complete 
|  82|0x0000000085200000, 0x0000000085300000, 0x0000000085300000|100%|HC|  |TAMS 0x0000000085200000, 0x0000000085300000| Complete 
|  83|0x0000000085300000, 0x0000000085400000, 0x0000000085400000|100%|HC|  |TAMS 0x0000000085300000, 0x0000000085400000| Complete 
|  84|0x0000000085400000, 0x0000000085500000, 0x0000000085500000|100%|HS|  |TAMS 0x0000000085400000, 0x0000000085500000| Complete 
|  85|0x0000000085500000, 0x0000000085600000, 0x0000000085600000|100%|HC|  |TAMS 0x0000000085500000, 0x0000000085600000| Complete 
|  86|0x0000000085600000, 0x0000000085700000, 0x0000000085700000|100%|HC|  |TAMS 0x0000000085600000, 0x0000000085700000| Complete 
|  87|0x0000000085700000, 0x0000000085800000, 0x0000000085800000|100%|HS|  |TAMS 0x0000000085700000, 0x0000000085800000| Complete 
|  88|0x0000000085800000, 0x0000000085900000, 0x0000000085900000|100%|HC|  |TAMS 0x0000000085800000, 0x0000000085900000| Complete 
|  89|0x0000000085900000, 0x0000000085a00000, 0x0000000085a00000|100%|HS|  |TAMS 0x0000000085900000, 0x0000000085a00000| Complete 
|  90|0x0000000085a00000, 0x0000000085b00000, 0x0000000085b00000|100%|HS|  |TAMS 0x0000000085a00000, 0x0000000085b00000| Complete 
|  91|0x0000000085b00000, 0x0000000085c00000, 0x0000000085c00000|100%|HS|  |TAMS 0x0000000085b00000, 0x0000000085c00000| Complete 
|  92|0x0000000085c00000, 0x0000000085d00000, 0x0000000085d00000|100%|HS|  |TAMS 0x0000000085c00000, 0x0000000085d00000| Complete 
|  93|0x0000000085d00000, 0x0000000085e00000, 0x0000000085e00000|100%| O|  |TAMS 0x0000000085d00000, 0x0000000085e00000| Untracked 
|  94|0x0000000085e00000, 0x0000000085f00000, 0x0000000085f00000|100%|HS|  |TAMS 0x0000000085e00000, 0x0000000085f00000| Complete 
|  95|0x0000000085f00000, 0x0000000086000000, 0x0000000086000000|100%| O|  |TAMS 0x0000000085f00000, 0x0000000086000000| Untracked 
|  96|0x0000000086000000, 0x0000000086100000, 0x0000000086100000|100%| O|  |TAMS 0x0000000086000000, 0x0000000086100000| Untracked 
|  97|0x0000000086100000, 0x0000000086200000, 0x0000000086200000|100%| O|  |TAMS 0x0000000086100000, 0x0000000086200000| Untracked 
|  98|0x0000000086200000, 0x0000000086300000, 0x0000000086300000|100%|HS|  |TAMS 0x0000000086200000, 0x0000000086300000| Complete 
|  99|0x0000000086300000, 0x0000000086400000, 0x0000000086400000|100%|HC|  |TAMS 0x0000000086300000, 0x0000000086400000| Complete 
| 100|0x0000000086400000, 0x0000000086500000, 0x0000000086500000|100%| O|  |TAMS 0x0000000086400000, 0x0000000086500000| Untracked 
| 101|0x0000000086500000, 0x0000000086600000, 0x0000000086600000|100%| O|  |TAMS 0x0000000086500000, 0x0000000086600000| Untracked 
| 102|0x0000000086600000, 0x0000000086700000, 0x0000000086700000|100%| O|  |TAMS 0x0000000086600000, 0x0000000086700000| Untracked 
| 103|0x0000000086700000, 0x0000000086800000, 0x0000000086800000|100%|HS|  |TAMS 0x0000000086700000, 0x0000000086800000| Complete 
| 104|0x0000000086800000, 0x0000000086900000, 0x0000000086900000|100%|HC|  |TAMS 0x0000000086800000, 0x0000000086900000| Complete 
| 105|0x0000000086900000, 0x0000000086a00000, 0x0000000086a00000|100%| O|  |TAMS 0x0000000086900000, 0x0000000086a00000| Untracked 
| 106|0x0000000086a00000, 0x0000000086b00000, 0x0000000086b00000|100%| O|  |TAMS 0x0000000086a00000, 0x0000000086b00000| Untracked 
| 107|0x0000000086b00000, 0x0000000086c00000, 0x0000000086c00000|100%| O|  |TAMS 0x0000000086b00000, 0x0000000086c00000| Untracked 
| 108|0x0000000086c00000, 0x0000000086d00000, 0x0000000086d00000|100%| O|  |TAMS 0x0000000086c00000, 0x0000000086d00000| Untracked 
| 109|0x0000000086d00000, 0x0000000086e00000, 0x0000000086e00000|100%| O|  |TAMS 0x0000000086d00000, 0x0000000086e00000| Untracked 
| 110|0x0000000086e00000, 0x0000000086f00000, 0x0000000086f00000|100%| O|  |TAMS 0x0000000086e00000, 0x0000000086f00000| Untracked 
| 111|0x0000000086f00000, 0x0000000087000000, 0x0000000087000000|100%| O|  |TAMS 0x0000000086f00000, 0x0000000087000000| Untracked 
| 112|0x0000000087000000, 0x0000000087100000, 0x0000000087100000|100%| O|  |TAMS 0x0000000087000000, 0x0000000087100000| Untracked 
| 113|0x0000000087100000, 0x0000000087200000, 0x0000000087200000|100%| O|  |TAMS 0x0000000087100000, 0x0000000087200000| Untracked 
| 114|0x0000000087200000, 0x0000000087300000, 0x0000000087300000|100%| O|  |TAMS 0x0000000087200000, 0x0000000087300000| Untracked 
| 115|0x0000000087300000, 0x0000000087400000, 0x0000000087400000|100%| O|  |TAMS 0x0000000087300000, 0x0000000087400000| Untracked 
| 116|0x0000000087400000, 0x0000000087500000, 0x0000000087500000|100%| O|  |TAMS 0x0000000087400000, 0x0000000087500000| Untracked 
| 117|0x0000000087500000, 0x0000000087600000, 0x0000000087600000|100%| O|  |TAMS 0x0000000087500000, 0x0000000087600000| Untracked 
| 118|0x0000000087600000, 0x0000000087700000, 0x0000000087700000|100%| O|  |TAMS 0x0000000087600000, 0x0000000087700000| Untracked 
| 119|0x0000000087700000, 0x0000000087800000, 0x0000000087800000|100%| O|  |TAMS 0x0000000087700000, 0x0000000087800000| Untracked 
| 120|0x0000000087800000, 0x0000000087900000, 0x0000000087900000|100%| O|  |TAMS 0x0000000087800000, 0x0000000087900000| Untracked 
| 121|0x0000000087900000, 0x0000000087a00000, 0x0000000087a00000|100%| O|  |TAMS 0x0000000087900000, 0x0000000087a00000| Untracked 
| 122|0x0000000087a00000, 0x0000000087b00000, 0x0000000087b00000|100%| O|  |TAMS 0x0000000087a00000, 0x0000000087b00000| Untracked 
| 123|0x0000000087b00000, 0x0000000087c00000, 0x0000000087c00000|100%| O|  |TAMS 0x0000000087b00000, 0x0000000087c00000| Untracked 
| 124|0x0000000087c00000, 0x0000000087d00000, 0x0000000087d00000|100%| O|  |TAMS 0x0000000087c00000, 0x0000000087d00000| Untracked 
| 125|0x0000000087d00000, 0x0000000087e00000, 0x0000000087e00000|100%| O|  |TAMS 0x0000000087d00000, 0x0000000087e00000| Untracked 
| 126|0x0000000087e00000, 0x0000000087f00000, 0x0000000087f00000|100%| O|  |TAMS 0x0000000087e00000, 0x0000000087f00000| Untracked 
| 127|0x0000000087f00000, 0x0000000088000000, 0x0000000088000000|100%| O|  |TAMS 0x0000000087f00000, 0x0000000088000000| Untracked 
| 128|0x0000000088000000, 0x0000000088100000, 0x0000000088100000|100%| O|  |TAMS 0x0000000088000000, 0x0000000088100000| Untracked 
| 129|0x0000000088100000, 0x0000000088200000, 0x0000000088200000|100%| O|  |TAMS 0x0000000088100000, 0x0000000088200000| Untracked 
| 130|0x0000000088200000, 0x0000000088300000, 0x0000000088300000|100%| O|  |TAMS 0x0000000088200000, 0x0000000088300000| Untracked 
| 131|0x0000000088300000, 0x0000000088400000, 0x0000000088400000|100%| O|  |TAMS 0x0000000088300000, 0x0000000088400000| Untracked 
| 132|0x0000000088400000, 0x0000000088500000, 0x0000000088500000|100%| O|  |TAMS 0x0000000088400000, 0x0000000088500000| Untracked 
| 133|0x0000000088500000, 0x0000000088600000, 0x0000000088600000|100%| O|  |TAMS 0x0000000088500000, 0x0000000088600000| Untracked 
| 134|0x0000000088600000, 0x0000000088700000, 0x0000000088700000|100%| O|  |TAMS 0x0000000088600000, 0x0000000088700000| Untracked 
| 135|0x0000000088700000, 0x0000000088800000, 0x0000000088800000|100%| O|  |TAMS 0x0000000088700000, 0x0000000088800000| Untracked 
| 136|0x0000000088800000, 0x0000000088900000, 0x0000000088900000|100%| O|  |TAMS 0x0000000088800000, 0x0000000088900000| Untracked 
| 137|0x0000000088900000, 0x0000000088a00000, 0x0000000088a00000|100%| O|  |TAMS 0x0000000088900000, 0x0000000088a00000| Untracked 
| 138|0x0000000088a00000, 0x0000000088b00000, 0x0000000088b00000|100%| O|  |TAMS 0x0000000088a00000, 0x0000000088b00000| Untracked 
| 139|0x0000000088b00000, 0x0000000088c00000, 0x0000000088c00000|100%| O|  |TAMS 0x0000000088b00000, 0x0000000088c00000| Untracked 
| 140|0x0000000088c00000, 0x0000000088d00000, 0x0000000088d00000|100%| O|  |TAMS 0x0000000088c00000, 0x0000000088d00000| Untracked 
| 141|0x0000000088d00000, 0x0000000088e00000, 0x0000000088e00000|100%| O|  |TAMS 0x0000000088d00000, 0x0000000088e00000| Untracked 
| 142|0x0000000088e00000, 0x0000000088f00000, 0x0000000088f00000|100%| O|  |TAMS 0x0000000088e00000, 0x0000000088f00000| Untracked 
| 143|0x0000000088f00000, 0x0000000089000000, 0x0000000089000000|100%| O|  |TAMS 0x0000000088f00000, 0x0000000089000000| Untracked 
| 144|0x0000000089000000, 0x0000000089100000, 0x0000000089100000|100%| O|  |TAMS 0x0000000089000000, 0x0000000089100000| Untracked 
| 145|0x0000000089100000, 0x0000000089200000, 0x0000000089200000|100%| O|  |TAMS 0x0000000089100000, 0x0000000089200000| Untracked 
| 146|0x0000000089200000, 0x0000000089300000, 0x0000000089300000|100%| O|  |TAMS 0x0000000089200000, 0x0000000089300000| Untracked 
| 147|0x0000000089300000, 0x0000000089400000, 0x0000000089400000|100%| O|  |TAMS 0x0000000089300000, 0x0000000089400000| Untracked 
| 148|0x0000000089400000, 0x0000000089500000, 0x0000000089500000|100%| O|  |TAMS 0x0000000089400000, 0x0000000089500000| Untracked 
| 149|0x0000000089500000, 0x0000000089600000, 0x0000000089600000|100%| O|  |TAMS 0x0000000089500000, 0x0000000089600000| Untracked 
| 150|0x0000000089600000, 0x0000000089700000, 0x0000000089700000|100%| O|  |TAMS 0x0000000089600000, 0x0000000089700000| Untracked 
| 151|0x0000000089700000, 0x0000000089800000, 0x0000000089800000|100%| O|  |TAMS 0x0000000089700000, 0x0000000089800000| Untracked 
| 152|0x0000000089800000, 0x0000000089900000, 0x0000000089900000|100%| O|  |TAMS 0x0000000089800000, 0x0000000089900000| Untracked 
| 153|0x0000000089900000, 0x0000000089a00000, 0x0000000089a00000|100%| O|  |TAMS 0x0000000089900000, 0x0000000089a00000| Untracked 
| 154|0x0000000089a00000, 0x0000000089b00000, 0x0000000089b00000|100%| O|  |TAMS 0x0000000089a00000, 0x0000000089b00000| Untracked 
| 155|0x0000000089b00000, 0x0000000089c00000, 0x0000000089c00000|100%| O|  |TAMS 0x0000000089b00000, 0x0000000089c00000| Untracked 
| 156|0x0000000089c00000, 0x0000000089d00000, 0x0000000089d00000|100%| O|  |TAMS 0x0000000089c00000, 0x0000000089d00000| Untracked 
| 157|0x0000000089d00000, 0x0000000089e00000, 0x0000000089e00000|100%| O|  |TAMS 0x0000000089d00000, 0x0000000089e00000| Untracked 
| 158|0x0000000089e00000, 0x0000000089f00000, 0x0000000089f00000|100%| O|  |TAMS 0x0000000089e00000, 0x0000000089f00000| Untracked 
| 159|0x0000000089f00000, 0x000000008a000000, 0x000000008a000000|100%| O|  |TAMS 0x0000000089f00000, 0x000000008a000000| Untracked 
| 160|0x000000008a000000, 0x000000008a100000, 0x000000008a100000|100%| O|  |TAMS 0x000000008a000000, 0x000000008a100000| Untracked 
| 161|0x000000008a100000, 0x000000008a200000, 0x000000008a200000|100%| O|  |TAMS 0x000000008a100000, 0x000000008a200000| Untracked 
| 162|0x000000008a200000, 0x000000008a300000, 0x000000008a300000|100%| O|  |TAMS 0x000000008a200000, 0x000000008a300000| Untracked 
| 163|0x000000008a300000, 0x000000008a400000, 0x000000008a400000|100%| O|  |TAMS 0x000000008a300000, 0x000000008a400000| Untracked 
| 164|0x000000008a400000, 0x000000008a500000, 0x000000008a500000|100%| O|  |TAMS 0x000000008a400000, 0x000000008a500000| Untracked 
| 165|0x000000008a500000, 0x000000008a600000, 0x000000008a600000|100%| O|  |TAMS 0x000000008a500000, 0x000000008a600000| Untracked 
| 166|0x000000008a600000, 0x000000008a700000, 0x000000008a700000|100%| O|  |TAMS 0x000000008a600000, 0x000000008a700000| Untracked 
| 167|0x000000008a700000, 0x000000008a800000, 0x000000008a800000|100%| O|  |TAMS 0x000000008a700000, 0x000000008a800000| Untracked 
| 168|0x000000008a800000, 0x000000008a900000, 0x000000008a900000|100%| O|  |TAMS 0x000000008a800000, 0x000000008a900000| Untracked 
| 169|0x000000008a900000, 0x000000008aa00000, 0x000000008aa00000|100%| O|  |TAMS 0x000000008a900000, 0x000000008aa00000| Untracked 
| 170|0x000000008aa00000, 0x000000008ab00000, 0x000000008ab00000|100%| O|  |TAMS 0x000000008aa00000, 0x000000008ab00000| Untracked 
| 171|0x000000008ab00000, 0x000000008ac00000, 0x000000008ac00000|100%| O|  |TAMS 0x000000008ab00000, 0x000000008ac00000| Untracked 
| 172|0x000000008ac00000, 0x000000008ad00000, 0x000000008ad00000|100%| O|  |TAMS 0x000000008ac00000, 0x000000008ad00000| Untracked 
| 173|0x000000008ad00000, 0x000000008ae00000, 0x000000008ae00000|100%| O|  |TAMS 0x000000008ad00000, 0x000000008ae00000| Untracked 
| 174|0x000000008ae00000, 0x000000008af00000, 0x000000008af00000|100%| O|  |TAMS 0x000000008ae00000, 0x000000008af00000| Untracked 
| 175|0x000000008af00000, 0x000000008b000000, 0x000000008b000000|100%| O|  |TAMS 0x000000008af00000, 0x000000008b000000| Untracked 
| 176|0x000000008b000000, 0x000000008b100000, 0x000000008b100000|100%| O|  |TAMS 0x000000008b000000, 0x000000008b100000| Untracked 
| 177|0x000000008b100000, 0x000000008b200000, 0x000000008b200000|100%| O|  |TAMS 0x000000008b100000, 0x000000008b200000| Untracked 
| 178|0x000000008b200000, 0x000000008b300000, 0x000000008b300000|100%| O|  |TAMS 0x000000008b200000, 0x000000008b300000| Untracked 
| 179|0x000000008b300000, 0x000000008b400000, 0x000000008b400000|100%| O|  |TAMS 0x000000008b300000, 0x000000008b400000| Untracked 
| 180|0x000000008b400000, 0x000000008b500000, 0x000000008b500000|100%| O|  |TAMS 0x000000008b400000, 0x000000008b500000| Untracked 
| 181|0x000000008b500000, 0x000000008b600000, 0x000000008b600000|100%| O|  |TAMS 0x000000008b500000, 0x000000008b500000| Untracked 
| 182|0x000000008b600000, 0x000000008b700000, 0x000000008b700000|100%| O|  |TAMS 0x000000008b600000, 0x000000008b600000| Untracked 
| 183|0x000000008b700000, 0x000000008b800000, 0x000000008b800000|100%| O|  |TAMS 0x000000008b700000, 0x000000008b700000| Untracked 
| 184|0x000000008b800000, 0x000000008b900000, 0x000000008b900000|100%| O|  |TAMS 0x000000008b800000, 0x000000008b800000| Untracked 
| 185|0x000000008b900000, 0x000000008ba00000, 0x000000008ba00000|100%| O|  |TAMS 0x000000008b900000, 0x000000008b900000| Untracked 
| 186|0x000000008ba00000, 0x000000008bb00000, 0x000000008bb00000|100%| O|  |TAMS 0x000000008ba00000, 0x000000008ba00000| Untracked 
| 187|0x000000008bb00000, 0x000000008bc00000, 0x000000008bc00000|100%| O|  |TAMS 0x000000008bb00000, 0x000000008bb00000| Untracked 
| 188|0x000000008bc00000, 0x000000008bd00000, 0x000000008bd00000|100%| O|  |TAMS 0x000000008bc00000, 0x000000008bc00000| Untracked 
| 189|0x000000008bd00000, 0x000000008bdf2c00, 0x000000008be00000| 94%| O|  |TAMS 0x000000008bd00000, 0x000000008bd00000| Untracked 
| 190|0x000000008be00000, 0x000000008be00000, 0x000000008bf00000|  0%| F|  |TAMS 0x000000008be00000, 0x000000008be00000| Untracked 
| 191|0x000000008bf00000, 0x000000008bf00000, 0x000000008c000000|  0%| F|  |TAMS 0x000000008bf00000, 0x000000008bf00000| Untracked 
| 192|0x000000008c000000, 0x000000008c000000, 0x000000008c100000|  0%| F|  |TAMS 0x000000008c000000, 0x000000008c000000| Untracked 
| 193|0x000000008c100000, 0x000000008c100000, 0x000000008c200000|  0%| F|  |TAMS 0x000000008c100000, 0x000000008c100000| Untracked 
| 194|0x000000008c200000, 0x000000008c200000, 0x000000008c300000|  0%| F|  |TAMS 0x000000008c200000, 0x000000008c200000| Untracked 
| 195|0x000000008c300000, 0x000000008c300000, 0x000000008c400000|  0%| F|  |TAMS 0x000000008c300000, 0x000000008c300000| Untracked 
| 196|0x000000008c400000, 0x000000008c400000, 0x000000008c500000|  0%| F|  |TAMS 0x000000008c400000, 0x000000008c400000| Untracked 
| 197|0x000000008c500000, 0x000000008c500000, 0x000000008c600000|  0%| F|  |TAMS 0x000000008c500000, 0x000000008c500000| Untracked 
| 198|0x000000008c600000, 0x000000008c600000, 0x000000008c700000|  0%| F|  |TAMS 0x000000008c600000, 0x000000008c600000| Untracked 
| 199|0x000000008c700000, 0x000000008c700000, 0x000000008c800000|  0%| F|  |TAMS 0x000000008c700000, 0x000000008c700000| Untracked 
| 200|0x000000008c800000, 0x000000008c800000, 0x000000008c900000|  0%| F|  |TAMS 0x000000008c800000, 0x000000008c800000| Untracked 
| 201|0x000000008c900000, 0x000000008c900000, 0x000000008ca00000|  0%| F|  |TAMS 0x000000008c900000, 0x000000008c900000| Untracked 
| 202|0x000000008ca00000, 0x000000008ca00000, 0x000000008cb00000|  0%| F|  |TAMS 0x000000008ca00000, 0x000000008ca00000| Untracked 
| 203|0x000000008cb00000, 0x000000008cb00000, 0x000000008cc00000|  0%| F|  |TAMS 0x000000008cb00000, 0x000000008cb00000| Untracked 
| 204|0x000000008cc00000, 0x000000008cc00000, 0x000000008cd00000|  0%| F|  |TAMS 0x000000008cc00000, 0x000000008cc00000| Untracked 
| 205|0x000000008cd00000, 0x000000008cd00000, 0x000000008ce00000|  0%| F|  |TAMS 0x000000008cd00000, 0x000000008cd00000| Untracked 
| 206|0x000000008ce00000, 0x000000008ce00000, 0x000000008cf00000|  0%| F|  |TAMS 0x000000008ce00000, 0x000000008ce00000| Untracked 
| 207|0x000000008cf00000, 0x000000008cf00000, 0x000000008d000000|  0%| F|  |TAMS 0x000000008cf00000, 0x000000008cf00000| Untracked 
| 208|0x000000008d000000, 0x000000008d000000, 0x000000008d100000|  0%| F|  |TAMS 0x000000008d000000, 0x000000008d000000| Untracked 
| 209|0x000000008d100000, 0x000000008d100000, 0x000000008d200000|  0%| F|  |TAMS 0x000000008d100000, 0x000000008d100000| Untracked 
| 210|0x000000008d200000, 0x000000008d200000, 0x000000008d300000|  0%| F|  |TAMS 0x000000008d200000, 0x000000008d200000| Untracked 
| 211|0x000000008d300000, 0x000000008d300000, 0x000000008d400000|  0%| F|  |TAMS 0x000000008d300000, 0x000000008d300000| Untracked 
| 212|0x000000008d400000, 0x000000008d400000, 0x000000008d500000|  0%| F|  |TAMS 0x000000008d400000, 0x000000008d400000| Untracked 
| 213|0x000000008d500000, 0x000000008d500000, 0x000000008d600000|  0%| F|  |TAMS 0x000000008d500000, 0x000000008d500000| Untracked 
| 214|0x000000008d600000, 0x000000008d600000, 0x000000008d700000|  0%| F|  |TAMS 0x000000008d600000, 0x000000008d600000| Untracked 
| 215|0x000000008d700000, 0x000000008d700000, 0x000000008d800000|  0%| F|  |TAMS 0x000000008d700000, 0x000000008d700000| Untracked 
| 216|0x000000008d800000, 0x000000008d800000, 0x000000008d900000|  0%| F|  |TAMS 0x000000008d800000, 0x000000008d800000| Untracked 
| 217|0x000000008d900000, 0x000000008d900000, 0x000000008da00000|  0%| F|  |TAMS 0x000000008d900000, 0x000000008d900000| Untracked 
| 218|0x000000008da00000, 0x000000008da00000, 0x000000008db00000|  0%| F|  |TAMS 0x000000008da00000, 0x000000008da00000| Untracked 
| 219|0x000000008db00000, 0x000000008db00000, 0x000000008dc00000|  0%| F|  |TAMS 0x000000008db00000, 0x000000008db00000| Untracked 
| 220|0x000000008dc00000, 0x000000008dc00000, 0x000000008dd00000|  0%| F|  |TAMS 0x000000008dc00000, 0x000000008dc00000| Untracked 
| 221|0x000000008dd00000, 0x000000008dd00000, 0x000000008de00000|  0%| F|  |TAMS 0x000000008dd00000, 0x000000008dd00000| Untracked 
| 222|0x000000008de00000, 0x000000008de00000, 0x000000008df00000|  0%| F|  |TAMS 0x000000008de00000, 0x000000008de00000| Untracked 
| 223|0x000000008df00000, 0x000000008df00000, 0x000000008e000000|  0%| F|  |TAMS 0x000000008df00000, 0x000000008df00000| Untracked 
| 224|0x000000008e000000, 0x000000008e000000, 0x000000008e100000|  0%| F|  |TAMS 0x000000008e000000, 0x000000008e000000| Untracked 
| 225|0x000000008e100000, 0x000000008e100000, 0x000000008e200000|  0%| F|  |TAMS 0x000000008e100000, 0x000000008e100000| Untracked 
| 226|0x000000008e200000, 0x000000008e200000, 0x000000008e300000|  0%| F|  |TAMS 0x000000008e200000, 0x000000008e200000| Untracked 
| 227|0x000000008e300000, 0x000000008e300000, 0x000000008e400000|  0%| F|  |TAMS 0x000000008e300000, 0x000000008e300000| Untracked 
| 228|0x000000008e400000, 0x000000008e500000, 0x000000008e500000|100%| S|CS|TAMS 0x000000008e400000, 0x000000008e400000| Complete 
| 229|0x000000008e500000, 0x000000008e600000, 0x000000008e600000|100%| S|CS|TAMS 0x000000008e500000, 0x000000008e500000| Complete 
| 230|0x000000008e600000, 0x000000008e700000, 0x000000008e700000|100%| S|CS|TAMS 0x000000008e600000, 0x000000008e600000| Complete 
| 231|0x000000008e700000, 0x000000008e700000, 0x000000008e800000|  0%| F|  |TAMS 0x000000008e700000, 0x000000008e700000| Untracked 
| 232|0x000000008e800000, 0x000000008e800000, 0x000000008e900000|  0%| F|  |TAMS 0x000000008e800000, 0x000000008e800000| Untracked 
| 233|0x000000008e900000, 0x000000008e900000, 0x000000008ea00000|  0%| F|  |TAMS 0x000000008e900000, 0x000000008e900000| Untracked 
| 234|0x000000008ea00000, 0x000000008ea00000, 0x000000008eb00000|  0%| F|  |TAMS 0x000000008ea00000, 0x000000008ea00000| Untracked 
| 235|0x000000008eb00000, 0x000000008eb00000, 0x000000008ec00000|  0%| F|  |TAMS 0x000000008eb00000, 0x000000008eb00000| Untracked 
| 236|0x000000008ec00000, 0x000000008ec00000, 0x000000008ed00000|  0%| F|  |TAMS 0x000000008ec00000, 0x000000008ec00000| Untracked 
| 237|0x000000008ed00000, 0x000000008ed00000, 0x000000008ee00000|  0%| F|  |TAMS 0x000000008ed00000, 0x000000008ed00000| Untracked 
| 238|0x000000008ee00000, 0x000000008ee00000, 0x000000008ef00000|  0%| F|  |TAMS 0x000000008ee00000, 0x000000008ee00000| Untracked 
| 239|0x000000008ef00000, 0x000000008ef00000, 0x000000008f000000|  0%| F|  |TAMS 0x000000008ef00000, 0x000000008ef00000| Untracked 
| 240|0x000000008f000000, 0x000000008f000000, 0x000000008f100000|  0%| F|  |TAMS 0x000000008f000000, 0x000000008f000000| Untracked 
| 241|0x000000008f100000, 0x000000008f100000, 0x000000008f200000|  0%| F|  |TAMS 0x000000008f100000, 0x000000008f100000| Untracked 
| 242|0x000000008f200000, 0x000000008f200000, 0x000000008f300000|  0%| F|  |TAMS 0x000000008f200000, 0x000000008f200000| Untracked 
| 243|0x000000008f300000, 0x000000008f300000, 0x000000008f400000|  0%| F|  |TAMS 0x000000008f300000, 0x000000008f300000| Untracked 
| 244|0x000000008f400000, 0x000000008f400000, 0x000000008f500000|  0%| F|  |TAMS 0x000000008f400000, 0x000000008f400000| Untracked 
| 245|0x000000008f500000, 0x000000008f500000, 0x000000008f600000|  0%| F|  |TAMS 0x000000008f500000, 0x000000008f500000| Untracked 
| 246|0x000000008f600000, 0x000000008f600000, 0x000000008f700000|  0%| F|  |TAMS 0x000000008f600000, 0x000000008f600000| Untracked 
| 247|0x000000008f700000, 0x000000008f700000, 0x000000008f800000|  0%| F|  |TAMS 0x000000008f700000, 0x000000008f700000| Untracked 
| 248|0x000000008f800000, 0x000000008f800000, 0x000000008f900000|  0%| F|  |TAMS 0x000000008f800000, 0x000000008f800000| Untracked 
| 249|0x000000008f900000, 0x000000008f900000, 0x000000008fa00000|  0%| F|  |TAMS 0x000000008f900000, 0x000000008f900000| Untracked 

Card table byte_map: [0x0000025dca6b0000,0x0000025dcaab0000] _byte_map_base: 0x0000025dca2b0000

Marking Bits (Prev, Next): (CMBitMap*) 0x0000025db7af8810, (CMBitMap*) 0x0000025db7af87d0
 Prev Bits: [0x0000025dcceb0000, 0x0000025dceeb0000)
 Next Bits: [0x0000025dcaeb0000, 0x0000025dcceb0000)

Polling page: 0x0000025db59e0000

Metaspace:

Usage:
  Non-class:     84.39 MB used.
      Class:     13.60 MB used.
       Both:     97.99 MB used.

Virtual space:
  Non-class space:       88.00 MB reserved,      84.75 MB ( 96%) committed,  11 nodes.
      Class space:        1.00 GB reserved,      13.94 MB (  1%) committed,  1 nodes.
             Both:        1.09 GB reserved,      98.69 MB (  9%) committed. 

Chunk freelists:
   Non-Class:  2.92 MB
       Class:  2.09 MB
        Both:  5.02 MB

MaxMetaspaceSize: unlimited
CompressedClassSpaceSize: 1.00 GB
Initial GC threshold: 21.00 MB
Current GC threshold: 134.00 MB
CDS: off
MetaspaceReclaimPolicy: balanced
 - commit_granule_bytes: 65536.
 - commit_granule_words: 8192.
 - virtual_space_node_default_size: 1048576.
 - enlarge_chunks_in_place: 1.
 - new_chunks_are_fully_committed: 0.
 - uncommit_free_chunks: 1.
 - use_allocation_guard: 0.
 - handle_deallocations: 1.


Internal statistics:

num_allocs_failed_limit: 6.
num_arena_births: 958.
num_arena_deaths: 0.
num_vsnodes_births: 12.
num_vsnodes_deaths: 0.
num_space_committed: 1579.
num_space_uncommitted: 0.
num_chunks_returned_to_freelist: 6.
num_chunks_taken_from_freelist: 4724.
num_chunk_merges: 6.
num_chunk_splits: 3093.
num_chunks_enlarged: 2027.
num_purges: 0.
num_inconsistent_stats: 0.

CodeHeap 'non-profiled nmethods': size=120000Kb used=6174Kb max_used=6174Kb free=113825Kb
 bounds [0x0000025dc2a40000, 0x0000025dc3070000, 0x0000025dc9f70000]
CodeHeap 'profiled nmethods': size=120000Kb used=20429Kb max_used=20429Kb free=99570Kb
 bounds [0x0000025dbaf70000, 0x0000025dbc370000, 0x0000025dc24a0000]
CodeHeap 'non-nmethods': size=5760Kb used=2402Kb max_used=2491Kb free=3357Kb
 bounds [0x0000025dc24a0000, 0x0000025dc2710000, 0x0000025dc2a40000]
 total_blobs=11494 nmethods=10558 adapters=848
 compilation: enabled
              stopped_count=0, restarted_count=0
 full_count=0

Compilation events (20 events):
Event: 14.680 Thread 0x0000025dd24294c0 12277       1       com.android.tools.r8.graph.X::z0 (2 bytes)
Event: 14.680 Thread 0x0000025dd24294c0 nmethod 12277 0x0000025dc2b06e10 code [0x0000025dc2b06fa0, 0x0000025dc2b07078]
Event: 14.680 Thread 0x0000025dd24294c0 12247       2       java.util.concurrent.ForkJoinPool::externalPush (30 bytes)
Event: 14.680 Thread 0x0000025dd24294c0 nmethod 12247 0x0000025dbc35f410 code [0x0000025dbc35f5e0, 0x0000025dbc35f7b8]
Event: 14.680 Thread 0x0000025dd24294c0 12262       2       java.lang.invoke.VarHandleGuards::guard_LIL_L (98 bytes)
Event: 14.682 Thread 0x0000025dd24294c0 nmethod 12262 0x0000025dbc35f910 code [0x0000025dbc35fbc0, 0x0000025dbc360808]
Event: 14.682 Thread 0x0000025dd24294c0 12263       2       java.lang.invoke.VarHandleReferences$Array::getAndSet (61 bytes)
Event: 14.683 Thread 0x0000025dd24294c0 nmethod 12263 0x0000025dbc360f10 code [0x0000025dbc361160, 0x0000025dbc3618a8]
Event: 14.683 Thread 0x0000025dd24294c0 12244       2       java.util.concurrent.ForkJoinTask::<init> (5 bytes)
Event: 14.684 Thread 0x0000025dd24294c0 nmethod 12244 0x0000025dbc361d90 code [0x0000025dbc361f20, 0x0000025dbc362018]
Event: 14.684 Thread 0x0000025dd24294c0 12249       2       java.util.concurrent.ForkJoinPool$WorkQueue::tryLock (10 bytes)
Event: 14.684 Thread 0x0000025dd24294c0 nmethod 12249 0x0000025dbc362090 code [0x0000025dbc362240, 0x0000025dbc362498]
Event: 14.684 Thread 0x0000025dd24294c0 12259       2       java.util.concurrent.ForkJoinPool::submit (13 bytes)
Event: 14.684 Thread 0x0000025dd24294c0 nmethod 12259 0x0000025dbc362610 code [0x0000025dbc3627c0, 0x0000025dbc362a58]
Event: 14.685 Thread 0x0000025dd24294c0 12260       2       java.util.concurrent.ForkJoinTask$AdaptedCallable::<init> (22 bytes)
Event: 14.685 Thread 0x0000025dd24294c0 nmethod 12260 0x0000025dbc362b90 code [0x0000025dbc362d40, 0x0000025dbc362f48]
Event: 14.759 Thread 0x0000025dd24275a0 nmethod 12066 0x0000025dc2d5b190 code [0x0000025dc2d5b520, 0x0000025dc2d5e0d8]
Event: 14.759 Thread 0x0000025dd24275a0 12224       4       com.android.tools.r8.graph.p2::a (117 bytes)
Event: 14.766 Thread 0x0000025dd24294c0 12314       2       java.util.LinkedHashMap::keysToArray (38 bytes)
Event: 14.767 Thread 0x0000025dd24294c0 nmethod 12314 0x0000025dbc363010 code [0x0000025dbc3631c0, 0x0000025dbc363438]

GC Heap History (20 events):
Event: 10.517 GC heap after
{Heap after GC invocations=29 (full 0):
 garbage-first heap   total 122880K, used 65065K [0x0000000080000000, 0x0000000100000000)
  region size 1024K, 6 young (6144K), 6 survivors (6144K)
 Metaspace       used 81342K, committed 81984K, reserved 1122304K
  class space    used 11089K, committed 11392K, reserved 1048576K
}
Event: 10.534 GC heap before
{Heap before GC invocations=29 (full 0):
 garbage-first heap   total 122880K, used 66089K [0x0000000080000000, 0x0000000100000000)
  region size 1024K, 7 young (7168K), 6 survivors (6144K)
 Metaspace       used 81469K, committed 82048K, reserved 1122304K
  class space    used 11102K, committed 11392K, reserved 1048576K
}
Event: 10.539 GC heap after
{Heap after GC invocations=30 (full 0):
 garbage-first heap   total 122880K, used 65451K [0x0000000080000000, 0x0000000100000000)
  region size 1024K, 1 young (1024K), 1 survivors (1024K)
 Metaspace       used 81469K, committed 82048K, reserved 1122304K
  class space    used 11102K, committed 11392K, reserved 1048576K
}
Event: 10.853 GC heap before
{Heap before GC invocations=30 (full 0):
 garbage-first heap   total 122880K, used 99243K [0x0000000080000000, 0x0000000100000000)
  region size 1024K, 34 young (34816K), 1 survivors (1024K)
 Metaspace       used 81622K, committed 82240K, reserved 1122304K
  class space    used 11116K, committed 11392K, reserved 1048576K
}
Event: 10.859 GC heap after
{Heap after GC invocations=31 (full 0):
 garbage-first heap   total 122880K, used 70402K [0x0000000080000000, 0x0000000100000000)
  region size 1024K, 5 young (5120K), 5 survivors (5120K)
 Metaspace       used 81622K, committed 82240K, reserved 1122304K
  class space    used 11116K, committed 11392K, reserved 1048576K
}
Event: 11.482 GC heap before
{Heap before GC invocations=32 (full 0):
 garbage-first heap   total 128000K, used 99074K [0x0000000080000000, 0x0000000100000000)
  region size 1024K, 33 young (33792K), 5 survivors (5120K)
 Metaspace       used 83941K, committed 84544K, reserved 1122304K
  class space    used 11602K, committed 11904K, reserved 1048576K
}
Event: 11.491 GC heap after
{Heap after GC invocations=33 (full 0):
 garbage-first heap   total 128000K, used 73642K [0x0000000080000000, 0x0000000100000000)
  region size 1024K, 4 young (4096K), 4 survivors (4096K)
 Metaspace       used 83941K, committed 84544K, reserved 1122304K
  class space    used 11602K, committed 11904K, reserved 1048576K
}
Event: 11.518 GC heap before
{Heap before GC invocations=33 (full 0):
 garbage-first heap   total 128000K, used 75690K [0x0000000080000000, 0x0000000100000000)
  region size 1024K, 6 young (6144K), 4 survivors (4096K)
 Metaspace       used 84008K, committed 84672K, reserved 1122304K
  class space    used 11617K, committed 11904K, reserved 1048576K
}
Event: 11.526 GC heap after
{Heap after GC invocations=34 (full 0):
 garbage-first heap   total 256000K, used 74160K [0x0000000080000000, 0x0000000100000000)
  region size 1024K, 1 young (1024K), 1 survivors (1024K)
 Metaspace       used 84008K, committed 84672K, reserved 1122304K
  class space    used 11617K, committed 11904K, reserved 1048576K
}
Event: 12.769 GC heap before
{Heap before GC invocations=34 (full 0):
 garbage-first heap   total 256000K, used 188848K [0x0000000080000000, 0x0000000100000000)
  region size 1024K, 114 young (116736K), 1 survivors (1024K)
 Metaspace       used 87037K, committed 87680K, reserved 1130496K
  class space    used 11908K, committed 12224K, reserved 1048576K
}
Event: 12.779 GC heap after
{Heap after GC invocations=35 (full 0):
 garbage-first heap   total 256000K, used 81645K [0x0000000080000000, 0x0000000100000000)
  region size 1024K, 9 young (9216K), 9 survivors (9216K)
 Metaspace       used 87037K, committed 87680K, reserved 1130496K
  class space    used 11908K, committed 12224K, reserved 1048576K
}
Event: 13.477 GC heap before
{Heap before GC invocations=35 (full 0):
 garbage-first heap   total 256000K, used 207597K [0x0000000080000000, 0x0000000100000000)
  region size 1024K, 95 young (97280K), 9 survivors (9216K)
 Metaspace       used 93909K, committed 94528K, reserved 1138688K
  class space    used 12849K, committed 13120K, reserved 1048576K
}
Event: 13.488 GC heap after
{Heap after GC invocations=36 (full 0):
 garbage-first heap   total 256000K, used 121608K [0x0000000080000000, 0x0000000100000000)
  region size 1024K, 12 young (12288K), 12 survivors (12288K)
 Metaspace       used 93909K, committed 94528K, reserved 1138688K
  class space    used 12849K, committed 13120K, reserved 1048576K
}
Event: 14.095 GC heap before
{Heap before GC invocations=36 (full 0):
 garbage-first heap   total 256000K, used 206600K [0x0000000080000000, 0x0000000100000000)
  region size 1024K, 91 young (93184K), 12 survivors (12288K)
 Metaspace       used 97628K, committed 98304K, reserved 1138688K
  class space    used 13560K, committed 13888K, reserved 1048576K
}
Event: 14.127 GC heap after
{Heap after GC invocations=37 (full 0):
 garbage-first heap   total 256000K, used 146781K [0x0000000080000000, 0x0000000100000000)
  region size 1024K, 12 young (12288K), 12 survivors (12288K)
 Metaspace       used 97628K, committed 98304K, reserved 1138688K
  class space    used 13560K, committed 13888K, reserved 1048576K
}
Event: 14.298 GC heap before
{Heap before GC invocations=37 (full 0):
 garbage-first heap   total 256000K, used 199005K [0x0000000080000000, 0x0000000100000000)
  region size 1024K, 63 young (64512K), 12 survivors (12288K)
 Metaspace       used 97817K, committed 98496K, reserved 1138688K
  class space    used 13561K, committed 13888K, reserved 1048576K
}
Event: 14.336 GC heap after
{Heap after GC invocations=38 (full 0):
 garbage-first heap   total 256000K, used 173952K [0x0000000080000000, 0x0000000100000000)
  region size 1024K, 8 young (8192K), 8 survivors (8192K)
 Metaspace       used 97817K, committed 98496K, reserved 1138688K
  class space    used 13561K, committed 13888K, reserved 1048576K
}
Event: 14.434 GC heap before
{Heap before GC invocations=38 (full 0):
 garbage-first heap   total 256000K, used 202624K [0x0000000080000000, 0x0000000100000000)
  region size 1024K, 37 young (37888K), 8 survivors (8192K)
 Metaspace       used 97820K, committed 98496K, reserved 1138688K
  class space    used 13561K, committed 13888K, reserved 1048576K
}
Event: 14.459 GC heap after
{Heap after GC invocations=39 (full 0):
 garbage-first heap   total 256000K, used 190336K [0x0000000080000000, 0x0000000100000000)
  region size 1024K, 5 young (5120K), 5 survivors (5120K)
 Metaspace       used 97820K, committed 98496K, reserved 1138688K
  class space    used 13561K, committed 13888K, reserved 1048576K
}
Event: 14.769 GC heap before
{Heap before GC invocations=39 (full 0):
 garbage-first heap   total 256000K, used 209792K [0x0000000080000000, 0x0000000100000000)
  region size 1024K, 24 young (24576K), 5 survivors (5120K)
 Metaspace       used 100342K, committed 101056K, reserved 1138688K
  class space    used 13923K, committed 14272K, reserved 1048576K
}

Dll operation events (2 events):
Event: 0.008 Loaded shared library C:\Program Files\Android\Android Studio\jbr\bin\java.dll
Event: 0.334 Loaded shared library C:\Program Files\Android\Android Studio\jbr\bin\verify.dll

Deoptimization events (20 events):
Event: 13.999 Thread 0x0000025dd4ad09b0 DEOPT PACKING pc=0x0000025dc2da1f6c sp=0x000000f6cfafd480
Event: 13.999 Thread 0x0000025dd3557a80 DEOPT PACKING pc=0x0000025dc2da1f6c sp=0x000000f6cfbfda50
Event: 13.999 Thread 0x0000025dd4ad09b0 DEOPT UNPACKING pc=0x0000025dc24f69a3 sp=0x000000f6cfafd438 mode 2
Event: 13.999 Thread 0x0000025dd3557a80 DEOPT UNPACKING pc=0x0000025dc24f69a3 sp=0x000000f6cfbfda08 mode 2
Event: 14.000 Thread 0x0000025dda5fb220 DEOPT PACKING pc=0x0000025dc2da1f6c sp=0x000000f6cf9fd9f0
Event: 14.000 Thread 0x0000025dda5fb220 DEOPT UNPACKING pc=0x0000025dc24f69a3 sp=0x000000f6cf9fd9a8 mode 2
Event: 14.087 Thread 0x0000025dd7991240 DEOPT PACKING pc=0x0000025dbbc1385d sp=0x000000f6cfcff040
Event: 14.087 Thread 0x0000025dd7991240 DEOPT UNPACKING pc=0x0000025dc24f7143 sp=0x000000f6cfcfe5d0 mode 0
Event: 14.094 Thread 0x0000025dd3557f50 DEOPT PACKING pc=0x0000025dbbc1385d sp=0x000000f6cfefea30
Event: 14.094 Thread 0x0000025dd3557f50 DEOPT UNPACKING pc=0x0000025dc24f7143 sp=0x000000f6cfefdfc0 mode 0
Event: 14.149 Thread 0x0000025dd7991240 DEOPT PACKING pc=0x0000025dbb2f2949 sp=0x000000f6cfcfecc0
Event: 14.149 Thread 0x0000025dd7991240 DEOPT UNPACKING pc=0x0000025dc24f7143 sp=0x000000f6cfcfe2b0 mode 0
Event: 14.174 Thread 0x0000025dd3557f50 DEOPT PACKING pc=0x0000025dbb0be2af sp=0x000000f6cfefe620
Event: 14.175 Thread 0x0000025dd3557f50 DEOPT UNPACKING pc=0x0000025dc24f7143 sp=0x000000f6cfefdb68 mode 0
Event: 14.198 Thread 0x0000025dd7452ca0 DEOPT PACKING pc=0x0000025dbb2efcec sp=0x000000f6cf8fee70
Event: 14.198 Thread 0x0000025dd7452ca0 DEOPT UNPACKING pc=0x0000025dc24f7143 sp=0x000000f6cf8fe378 mode 0
Event: 14.594 Thread 0x0000025dd9d66170 Uncommon trap: trap_request=0xffffff45 fr.pc=0x0000025dc2d4df90 relative=0x00000000000005b0
Event: 14.594 Thread 0x0000025dd9d66170 Uncommon trap: reason=unstable_if action=reinterpret pc=0x0000025dc2d4df90 method=sun.security.provider.DigestBase.engineUpdate([BII)V @ 1 c2
Event: 14.594 Thread 0x0000025dd9d66170 DEOPT PACKING pc=0x0000025dc2d4df90 sp=0x000000f6cf2fd5c0
Event: 14.594 Thread 0x0000025dd9d66170 DEOPT UNPACKING pc=0x0000025dc24f69a3 sp=0x000000f6cf2fd578 mode 2

Classes unloaded (0 events):
No events

Classes redefined (0 events):
No events

Internal exceptions (20 events):
Event: 12.595 Thread 0x0000025dd4ad4370 Exception <a 'sun/nio/fs/WindowsException'{0x000000008f222560}> (0x000000008f222560) 
thrown [s\src\hotspot\share\prims\jni.cpp, line 517]
Event: 12.605 Thread 0x0000025dd4ad4370 Exception <a 'java/lang/NoSuchMethodError'{0x0000000089cd67a8}: 'int java.lang.invoke.DirectMethodHandle$Holder.invokeSpecial(java.lang.Object, java.lang.Object, java.lang.Object, java.lang.Object, java.lang.Object)'> (0x0000000089cd67a8) 
thrown [s\src\hotspot\share\interpreter\linkResolver.cpp, line 771]
Event: 12.669 Thread 0x0000025dd4ad4370 Exception <a 'sun/nio/fs/WindowsException'{0x00000000895ff728}> (0x00000000895ff728) 
thrown [s\src\hotspot\share\prims\jni.cpp, line 517]
Event: 12.896 Thread 0x0000025dd2be2430 Implicit null exception at 0x0000025dc3028129 to 0x0000025dc3028898
Event: 13.039 Thread 0x0000025dd4ad6520 Exception <a 'sun/nio/fs/WindowsException'{0x000000008d449e90}> (0x000000008d449e90) 
thrown [s\src\hotspot\share\prims\jni.cpp, line 517]
Event: 13.110 Thread 0x0000025dd4ad6520 Exception <a 'sun/nio/fs/WindowsException'{0x000000008cf9ed90}> (0x000000008cf9ed90) 
thrown [s\src\hotspot\share\prims\jni.cpp, line 517]
Event: 13.239 Thread 0x0000025dd9d66170 Exception <a 'sun/nio/fs/WindowsException'{0x000000008c196160}> (0x000000008c196160) 
thrown [s\src\hotspot\share\prims\jni.cpp, line 517]
Event: 13.451 Thread 0x0000025dd9d66170 Exception <a 'java/lang/NoSuchMethodError'{0x000000008b0a7830}: 'java.lang.Object java.lang.invoke.DirectMethodHandle$Holder.invokeStaticInit(java.lang.Object, java.lang.Object, java.lang.Object, java.lang.Object, java.lang.Object, java.lang.Object, java.lang.Object, java.lang.Object, java.lang.Object, java.lang.Object, java.lang.Object, java.lang.Object, java.lang.Object, java.lang.Object, java.lang.Object, java.lang.Object, java.lang.Object, java.lang.Object, java.lang.Object, int, java.lang.Object, java
Event: 13.698 Thread 0x0000025dd4ad39d0 Exception <a 'java/lang/NoSuchMethodError'{0x000000008e0f3030}: 'void java.lang.invoke.DirectMethodHandle$Holder.invokeStatic(java.lang.Object, long)'> (0x000000008e0f3030) 
thrown [s\src\hotspot\share\interpreter\linkResolver.cpp, line 771]
Event: 13.699 Thread 0x0000025dd4ad39d0 Exception <a 'java/lang/NoSuchMethodError'{0x000000008e0f8930}: 'java.lang.Object java.lang.invoke.DirectMethodHandle$Holder.newInvokeSpecial(java.lang.Object, long)'> (0x000000008e0f8930) 
thrown [s\src\hotspot\share\interpreter\linkResolver.cpp, line 771]
Event: 13.701 Thread 0x0000025dd4ad39d0 Exception <a 'java/lang/NoSuchMethodError'{0x000000008e0ff6c8}: 'java.lang.Object java.lang.invoke.DirectMethodHandle$Holder.invokeStatic(java.lang.Object, java.lang.Object, long, java.lang.Object)'> (0x000000008e0ff6c8) 
thrown [s\src\hotspot\share\interpreter\linkResolver.cpp, line 771]
Event: 13.701 Thread 0x0000025dd4ad39d0 Exception <a 'java/lang/NoSuchMethodError'{0x000000008de75098}: 'java.lang.Object java.lang.invoke.DirectMethodHandle$Holder.invokeStaticInit(java.lang.Object, java.lang.Object, long, java.lang.Object)'> (0x000000008de75098) 
thrown [s\src\hotspot\share\interpreter\linkResolver.cpp, line 771]
Event: 13.802 Thread 0x0000025dd4ad39d0 Exception <a 'java/lang/NoSuchMethodError'{0x000000008ce91780}: 'int java.lang.invoke.DirectMethodHandle$Holder.invokeSpecialIFC(java.lang.Object, java.lang.Object, java.lang.Object)'> (0x000000008ce91780) 
thrown [s\src\hotspot\share\interpreter\linkResolver.cpp, line 771]
Event: 13.901 Thread 0x0000025dda5fb220 Exception <a 'java/lang/IncompatibleClassChangeError'{0x000000008be820b8}: Found class java.lang.Object, but interface was expected> (0x000000008be820b8) 
thrown [s\src\hotspot\share\interpreter\linkResolver.cpp, line 838]
Event: 13.901 Thread 0x0000025dd3557a80 Exception <a 'java/lang/IncompatibleClassChangeError'{0x000000008be92c58}: Found class java.lang.Object, but interface was expected> (0x000000008be92c58) 
thrown [s\src\hotspot\share\interpreter\linkResolver.cpp, line 838]
Event: 13.932 Thread 0x0000025dd3557f50 Exception <a 'java/lang/NoSuchMethodError'{0x000000008bcc8488}: 'long java.lang.invoke.DirectMethodHandle$Holder.invokeStatic(java.lang.Object, java.lang.Object, java.lang.Object)'> (0x000000008bcc8488) 
thrown [s\src\hotspot\share\interpreter\linkResolver.cpp, line 771]
Event: 13.934 Thread 0x0000025dd4ad09b0 Exception <a 'java/lang/IncompatibleClassChangeError'{0x000000008bcec9c8}: Found class java.lang.Object, but interface was expected> (0x000000008bcec9c8) 
thrown [s\src\hotspot\share\interpreter\linkResolver.cpp, line 838]
Event: 13.935 Thread 0x0000025dd4ad09b0 Exception <a 'java/lang/IncompatibleClassChangeError'{0x000000008bcfd6d0}: Found class java.lang.Object, but interface was expected> (0x000000008bcfd6d0) 
thrown [s\src\hotspot\share\interpreter\linkResolver.cpp, line 838]
Event: 14.636 Thread 0x0000025dd9d66170 Exception <a 'java/lang/NoSuchMethodError'{0x000000008eded120}: 'void java.lang.invoke.DirectMethodHandle$Holder.invokeStatic(java.lang.Object, java.lang.Object, java.lang.Object, int)'> (0x000000008eded120) 
thrown [s\src\hotspot\share\interpreter\linkResolver.cpp, line 771]
Event: 14.637 Thread 0x0000025dd9d66170 Exception <a 'java/lang/IncompatibleClassChangeError'{0x000000008edf6100}: Found class java.lang.Object, but interface was expected> (0x000000008edf6100) 
thrown [s\src\hotspot\share\interpreter\linkResolver.cpp, line 838]

VM Operations (20 events):
Event: 13.301 Executing VM operation: HandshakeAllThreads done
Event: 13.477 Executing VM operation: G1TryInitiateConcMark
Event: 13.488 Executing VM operation: G1TryInitiateConcMark done
Event: 13.704 Executing VM operation: HandshakeAllThreads
Event: 13.704 Executing VM operation: HandshakeAllThreads done
Event: 13.908 Executing VM operation: HandshakeAllThreads
Event: 13.908 Executing VM operation: HandshakeAllThreads done
Event: 14.095 Executing VM operation: G1CollectForAllocation
Event: 14.133 Executing VM operation: G1CollectForAllocation done
Event: 14.194 Executing VM operation: HandshakeAllThreads
Event: 14.198 Executing VM operation: HandshakeAllThreads done
Event: 14.298 Executing VM operation: G1CollectForAllocation
Event: 14.339 Executing VM operation: G1CollectForAllocation done
Event: 14.434 Executing VM operation: G1CollectForAllocation
Event: 14.459 Executing VM operation: G1CollectForAllocation done
Event: 14.751 Executing VM operation: HandshakeAllThreads
Event: 14.751 Executing VM operation: HandshakeAllThreads done
Event: 14.764 Executing VM operation: HandshakeAllThreads
Event: 14.764 Executing VM operation: HandshakeAllThreads done
Event: 14.769 Executing VM operation: G1CollectForAllocation

Events (20 events):
Event: 13.901 Thread 0x0000025dd9d65300 Thread added: 0x0000025dd9d65300
Event: 13.902 Thread 0x0000025dd3557f50 Thread added: 0x0000025dd3557f50
Event: 13.911 loading class java/lang/reflect/GenericSignatureFormatError
Event: 13.911 loading class java/lang/reflect/GenericSignatureFormatError done
Event: 13.928 loading class java/util/AbstractList$RandomAccessSubList
Event: 13.928 loading class java/util/AbstractList$SubList
Event: 13.929 loading class java/util/AbstractList$SubList done
Event: 13.929 loading class java/util/AbstractList$RandomAccessSubList done
Event: 13.929 loading class java/util/AbstractList$SubList$1
Event: 13.930 loading class java/util/AbstractList$SubList$1 done
Event: 13.974 loading class java/nio/ShortBuffer
Event: 13.975 loading class java/nio/ShortBuffer done
Event: 13.975 loading class java/nio/HeapShortBuffer
Event: 13.975 loading class java/nio/HeapShortBuffer done
Event: 14.503 loading class java/util/concurrent/ConcurrentLinkedQueue$Itr
Event: 14.503 loading class java/util/concurrent/ConcurrentLinkedQueue$Itr done
Event: 14.617 loading class java/util/IdentityHashMap$EntrySet
Event: 14.618 loading class java/util/IdentityHashMap$EntrySet done
Event: 14.639 loading class java/util/concurrent/ForkJoinTask$AdaptedCallable
Event: 14.639 loading class java/util/concurrent/ForkJoinTask$AdaptedCallable done


Dynamic libraries:
0x00007ff62dbb0000 - 0x00007ff62dbba000 	C:\Program Files\Android\Android Studio\jbr\bin\java.exe
0x00007ffc67a90000 - 0x00007ffc67c88000 	C:\Windows\SYSTEM32\ntdll.dll
0x00007ffc67440000 - 0x00007ffc674ff000 	C:\Windows\System32\KERNEL32.DLL
0x00007ffc655e0000 - 0x00007ffc658ba000 	C:\Windows\System32\KERNELBASE.dll
0x00007ffc65300000 - 0x00007ffc65400000 	C:\Windows\System32\ucrtbase.dll
0x00007ffc5cf20000 - 0x00007ffc5cf37000 	C:\Program Files\Android\Android Studio\jbr\bin\jli.dll
0x00007ffc5cdb0000 - 0x00007ffc5cdcb000 	C:\Program Files\Android\Android Studio\jbr\bin\VCRUNTIME140.dll
0x00007ffc67030000 - 0x00007ffc671cd000 	C:\Windows\System32\USER32.dll
0x00007ffc509c0000 - 0x00007ffc50c5a000 	C:\Windows\WinSxS\amd64_microsoft.windows.common-controls_6595b64144ccf1df_6.0.19041.1110_none_60b5254171f9507e\COMCTL32.dll
0x00007ffc651a0000 - 0x00007ffc651c2000 	C:\Windows\System32\win32u.dll
0x00007ffc662f0000 - 0x00007ffc6638e000 	C:\Windows\System32\msvcrt.dll
0x00007ffc66410000 - 0x00007ffc6643b000 	C:\Windows\System32\GDI32.dll
0x00007ffc658c0000 - 0x00007ffc659d0000 	C:\Windows\System32\gdi32full.dll
0x00007ffc651d0000 - 0x00007ffc6526d000 	C:\Windows\System32\msvcp_win.dll
0x00007ffc67240000 - 0x00007ffc67270000 	C:\Windows\System32\IMM32.DLL
0x00007ffc5f5d0000 - 0x00007ffc5f5dc000 	C:\Program Files\Android\Android Studio\jbr\bin\vcruntime140_1.dll
0x00007ffc5b450000 - 0x00007ffc5b4dd000 	C:\Program Files\Android\Android Studio\jbr\bin\msvcp140.dll
0x00007ffc0eed0000 - 0x00007ffc0fb3d000 	C:\Program Files\Android\Android Studio\jbr\bin\server\jvm.dll
0x00007ffc67500000 - 0x00007ffc675ae000 	C:\Windows\System32\ADVAPI32.dll
0x00007ffc679b0000 - 0x00007ffc67a4c000 	C:\Windows\System32\sechost.dll
0x00007ffc67880000 - 0x00007ffc679a6000 	C:\Windows\System32\RPCRT4.dll
0x00007ffc62ba0000 - 0x00007ffc62baa000 	C:\Windows\SYSTEM32\VERSION.dll
0x00007ffc49f70000 - 0x00007ffc49f97000 	C:\Windows\SYSTEM32\WINMM.dll
0x00007ffc47650000 - 0x00007ffc47659000 	C:\Windows\SYSTEM32\WSOCK32.dll
0x00007ffc671d0000 - 0x00007ffc6723b000 	C:\Windows\System32\WS2_32.dll
0x00007ffc639f0000 - 0x00007ffc63a02000 	C:\Windows\SYSTEM32\kernel.appcore.dll
0x00007ffc5f5e0000 - 0x00007ffc5f5ea000 	C:\Program Files\Android\Android Studio\jbr\bin\jimage.dll
0x00007ffc62950000 - 0x00007ffc62b34000 	C:\Windows\SYSTEM32\DBGHELP.DLL
0x00007ffc47dd0000 - 0x00007ffc47e04000 	C:\Windows\SYSTEM32\dbgcore.DLL
0x00007ffc65270000 - 0x00007ffc652f2000 	C:\Windows\System32\bcryptPrimitives.dll
0x00007ffc5d820000 - 0x00007ffc5d845000 	C:\Program Files\Android\Android Studio\jbr\bin\java.dll
0x00007ffc5d800000 - 0x00007ffc5d818000 	C:\Program Files\Android\Android Studio\jbr\bin\zip.dll
0x00007ffc65ba0000 - 0x00007ffc662e4000 	C:\Windows\System32\SHELL32.dll
0x00007ffc63240000 - 0x00007ffc639d3000 	C:\Windows\SYSTEM32\windows.storage.dll
0x00007ffc66620000 - 0x00007ffc66974000 	C:\Windows\System32\combase.dll
0x00007ffc64b90000 - 0x00007ffc64bbe000 	C:\Windows\SYSTEM32\Wldp.dll
0x00007ffc65af0000 - 0x00007ffc65b9d000 	C:\Windows\System32\SHCORE.dll
0x00007ffc66980000 - 0x00007ffc669d5000 	C:\Windows\System32\shlwapi.dll
0x00007ffc650e0000 - 0x00007ffc650ff000 	C:\Windows\SYSTEM32\profapi.dll
0x00007ffc59790000 - 0x00007ffc597a9000 	C:\Program Files\Android\Android Studio\jbr\bin\net.dll
0x00007ffc62130000 - 0x00007ffc6223a000 	C:\Windows\SYSTEM32\WINHTTP.dll
0x00007ffc648f0000 - 0x00007ffc6495a000 	C:\Windows\system32\mswsock.dll
0x00007ffc59770000 - 0x00007ffc59786000 	C:\Program Files\Android\Android Studio\jbr\bin\nio.dll
0x00007ffc5d970000 - 0x00007ffc5d980000 	C:\Program Files\Android\Android Studio\jbr\bin\verify.dll
0x00007ffc33640000 - 0x00007ffc33667000 	C:\Users\Student\.gradle\native\68d5fa5c4cc2d200863cafc0d521ce42e7d3e7ee720ec0a83991735586a16f82\windows-amd64\native-platform.dll
0x00007ffc31650000 - 0x00007ffc31794000 	C:\Users\Student\.gradle\native\e376f236ea51e6404a007f0833ffe2c6e607c4080706a723a18a27aeea778392\windows-amd64\native-platform-file-events.dll
0x00007ffc5eca0000 - 0x00007ffc5eca9000 	C:\Program Files\Android\Android Studio\jbr\bin\management.dll
0x00007ffc5ec40000 - 0x00007ffc5ec4b000 	C:\Program Files\Android\Android Studio\jbr\bin\management_ext.dll
0x00007ffc67020000 - 0x00007ffc67028000 	C:\Windows\System32\PSAPI.DLL
0x00007ffc64ae0000 - 0x00007ffc64af8000 	C:\Windows\SYSTEM32\CRYPTSP.dll
0x00007ffc64210000 - 0x00007ffc64244000 	C:\Windows\system32\rsaenh.dll
0x00007ffc655b0000 - 0x00007ffc655d7000 	C:\Windows\System32\bcrypt.dll
0x00007ffc65060000 - 0x00007ffc6508e000 	C:\Windows\SYSTEM32\USERENV.dll
0x00007ffc64b00000 - 0x00007ffc64b0c000 	C:\Windows\SYSTEM32\CRYPTBASE.dll
0x00007ffc645e0000 - 0x00007ffc6461c000 	C:\Windows\SYSTEM32\IPHLPAPI.DLL
0x00007ffc67430000 - 0x00007ffc67438000 	C:\Windows\System32\NSI.dll
0x00007ffc5a290000 - 0x00007ffc5a2a7000 	C:\Windows\SYSTEM32\dhcpcsvc6.DLL
0x00007ffc5b990000 - 0x00007ffc5b9ad000 	C:\Windows\SYSTEM32\dhcpcsvc.DLL
0x00007ffc64620000 - 0x00007ffc646eb000 	C:\Windows\SYSTEM32\DNSAPI.dll
0x00007ffc5cc00000 - 0x00007ffc5cc07000 	C:\Windows\system32\wshunix.dll

dbghelp: loaded successfully - version: 4.0.5 - missing functions: none
symbol engine: initialized successfully - sym options: 0x614 - pdb path: .;C:\Program Files\Android\Android Studio\jbr\bin;C:\Windows\SYSTEM32;C:\Windows\WinSxS\amd64_microsoft.windows.common-controls_6595b64144ccf1df_6.0.19041.1110_none_60b5254171f9507e;C:\Program Files\Android\Android Studio\jbr\bin\server;C:\Users\Student\.gradle\native\68d5fa5c4cc2d200863cafc0d521ce42e7d3e7ee720ec0a83991735586a16f82\windows-amd64;C:\Users\Student\.gradle\native\e376f236ea51e6404a007f0833ffe2c6e607c4080706a723a18a27aeea778392\windows-amd64

VM Arguments:
jvm_args: --add-opens=java.base/java.util=ALL-UNNAMED --add-opens=java.base/java.lang=ALL-UNNAMED --add-opens=java.base/java.lang.invoke=ALL-UNNAMED --add-opens=java.prefs/java.util.prefs=ALL-UNNAMED --add-opens=java.base/java.nio.charset=ALL-UNNAMED --add-opens=java.base/java.net=ALL-UNNAMED --add-opens=java.base/java.util.concurrent.atomic=ALL-UNNAMED -Xmx2048m -Dfile.encoding=UTF-8 -Duser.country=DE -Duser.language=de -Duser.variant 
java_command: org.gradle.launcher.daemon.bootstrap.GradleDaemon 8.0
java_class_path (initial): C:\Users\Student\.gradle\wrapper\dists\gradle-8.0-bin\ca5e32bp14vu59qr306oxotwh\gradle-8.0\lib\gradle-launcher-8.0.jar
Launcher Type: SUN_STANDARD

[Global flags]
     intx CICompilerCount                          = 4                                         {product} {ergonomic}
     uint ConcGCThreads                            = 2                                         {product} {ergonomic}
     uint G1ConcRefinementThreads                  = 8                                         {product} {ergonomic}
   size_t G1HeapRegionSize                         = 1048576                                   {product} {ergonomic}
    uintx GCDrainStackTargetSize                   = 64                                        {product} {ergonomic}
   size_t InitialHeapSize                          = 132120576                                 {product} {ergonomic}
   size_t MarkStackSize                            = 4194304                                   {product} {ergonomic}
   size_t MaxHeapSize                              = 2147483648                                {product} {command line}
   size_t MaxNewSize                               = 1287651328                                {product} {ergonomic}
   size_t MinHeapDeltaBytes                        = 1048576                                   {product} {ergonomic}
   size_t MinHeapSize                              = 8388608                                   {product} {ergonomic}
    uintx NonNMethodCodeHeapSize                   = 5839372                                {pd product} {ergonomic}
    uintx NonProfiledCodeHeapSize                  = 122909434                              {pd product} {ergonomic}
    uintx ProfiledCodeHeapSize                     = 122909434                              {pd product} {ergonomic}
    uintx ReservedCodeCacheSize                    = 251658240                              {pd product} {ergonomic}
     bool SegmentedCodeCache                       = true                                      {product} {ergonomic}
   size_t SoftMaxHeapSize                          = 2147483648                             {manageable} {ergonomic}
     bool UseCompressedClassPointers               = true                           {product lp64_product} {ergonomic}
     bool UseCompressedOops                        = true                           {product lp64_product} {ergonomic}
     bool UseG1GC                                  = true                                      {product} {ergonomic}
     bool UseLargePagesIndividualAllocation        = false                                  {pd product} {ergonomic}

Logging:
Log output configuration:
 #0: stdout all=warning uptime,level,tags
 #1: stderr all=off uptime,level,tags

Environment Variables:
JAVA_HOME=C:\Program Files\Eclipse Adoptium\jre-8.0.322.6-hotspot\
PATH=C:\Program Files\Common Files\Oracle\Java\javapath;C:\Program Files\Eclipse Adoptium\jre-8.0.322.6-hotspot\bin;C:\Program Files\Eclipse Adoptium\jre-11.0.14.9-hotspot\bin;C:\Windows\system32;C:\Windows;C:\Windows\System32\Wbem;C:\Windows\System32\WindowsPowerShell\v1.0\;C:\Windows\System32\OpenSSH\;C:\Program Files\Intel\WiFi\bin\;C:\Program Files\Common Files\Intel\WirelessCommon\;C:\Program Files\Git\cmd;C:\Users\Student\AppData\Local\Microsoft\WindowsApps
USERNAME=Student
OS=Windows_NT
PROCESSOR_IDENTIFIER=Intel64 Family 6 Model 142 Stepping 10, GenuineIntel
TMP=C:\Users\Student\AppData\Local\Temp
TEMP=C:\Users\Student\AppData\Local\Temp



---------------  S Y S T E M  ---------------

OS:
 Windows 10 , 64 bit Build 19041 (10.0.19041.2788)
OS uptime: 2 days 20:02 hours

CPU: total 8 (initial active 8) (4 cores per cpu, 2 threads per core) family 6 model 142 stepping 10 microcode 0xea, cx8, cmov, fxsr, ht, mmx, 3dnowpref, sse, sse2, sse3, ssse3, sse4.1, sse4.2, popcnt, lzcnt, tsc, tscinvbit, avx, avx2, aes, erms, clmul, bmi1, bmi2, rtm, adx, fma, vzeroupper, clflush, clflushopt

Memory: 4k page, system-wide physical 8030M (965M free)
TotalPageFile size 32606M (AvailPageFile size 111M)
current process WorkingSet (physical memory assigned to process): 564M, peak: 565M
current process commit charge ("private bytes"): 607M, peak: 903M

vm_info: OpenJDK 64-Bit Server VM (17.0.6+0-b2043.56-9586694) for windows-amd64 JRE (17.0.6+0-b2043.56-9586694), built on Feb  9 2023 20:06:20 by "androidbuild" with MS VC++ 16.10 / 16.11 (VS2019)

END.
